ruby -v: ruby 2.5.0dev (2017-03-04 trunk 57768) [x64-mingw32]

configure: loading site script /mingw64/etc/config.site
config.guess already exists
config.sub already exists
checking build system type... x86_64-w64-mingw32
checking host system type... x86_64-w64-mingw32
checking target system type... x86_64-w64-mingw32
checking for x86_64-w64-mingw32-gcc... x86_64-w64-mingw32-gcc
checking whether the C compiler works... yes
checking for C compiler default output file name... a.exe
checking for suffix of executables... .exe
checking whether we are cross compiling... no
checking for suffix of object files... o
checking whether we are using the GNU C compiler... yes
checking whether x86_64-w64-mingw32-gcc accepts -g... yes
checking for x86_64-w64-mingw32-gcc option to accept ISO C89... none needed
checking for x86_64-w64-mingw32-g++... x86_64-w64-mingw32-g++
checking whether we are using the GNU C++ compiler... yes
checking whether x86_64-w64-mingw32-g++ accepts -g... yes
checking how to run the C preprocessor... x86_64-w64-mingw32-gcc -E
checking for grep that handles long lines and -e... /usr/bin/grep
checking for egrep... /usr/bin/grep -E
checking whether x86_64-w64-mingw32-gcc needs -traditional... no
checking for x86_64-w64-mingw32-ld... no
checking for ld... ld
checking whether the linker is GNU ld... yes
checking whether x86_64-w64-mingw32-gcc -E accepts -o... yes
checking for x86_64-w64-mingw32-ranlib... no
checking for ranlib... ranlib
checking for x86_64-w64-mingw32-ar... no
checking for ar... ar
checking for ar D option... yes
checking for x86_64-w64-mingw32-as... no
checking for as... as
checking for x86_64-w64-mingw32-objdump... no
checking for x86_64-w64-mingw32-gobjdump... no
checking for objdump... objdump
checking for x86_64-w64-mingw32-objcopy... no
checking for x86_64-w64-mingw32-gobjcopy... no
checking for objcopy... (cached) :
checking for x86_64-w64-mingw32-windres... no
checking for windres... windres
checking for x86_64-w64-mingw32-dllwrap... no
checking for dllwrap... dllwrap
checking for mingw32 runtime DLL... msvcrt
checking for x86_64-w64-mingw32-nm... no
checking for nm... nm
checking whether ln -s works... no, using cp -pR
checking whether make sets $(MAKE)... yes
checking for a BSD-compatible install... /usr/bin/install -c
checking for a thread-safe mkdir -p... /usr/bin/mkdir -p
checking for x86_64-w64-mingw32-dtrace... no
checking for dtrace... no
checking for dot... no
checking for doxygen... no
checking for pkg-config... pkg-config
checking for ANSI C header files... yes
checking for sys/types.h... yes
checking for sys/stat.h... yes
checking for stdlib.h... yes
checking for string.h... yes
checking for memory.h... yes
checking for strings.h... yes
checking for inttypes.h... yes
checking for stdint.h... yes
checking for unistd.h... yes
checking minix/config.h usability... no
checking minix/config.h presence... no
checking for minix/config.h... no
checking whether it is safe to define __EXTENSIONS__... yes
checking for cd using physical directory... cd
checking whether CFLAGS is valid... yes
checking whether LDFLAGS is valid... yes
checking whether -Wno-unused-parameter is accepted as CFLAGS... yes
checking whether -Wno-parentheses is accepted as CFLAGS... yes
checking whether -Wno-long-long is accepted as CFLAGS... yes
checking whether -diag-disable=2259 is accepted as CFLAGS... no
checking whether -Wno-missing-field-initializers is accepted as CFLAGS... yes
checking whether -Wno-tautological-compare is accepted as CFLAGS... yes
checking whether -mwin32 is accepted as CFLAGS... yes
checking whether -Wunused-variable is accepted as CFLAGS... yes
checking whether -Werror=implicit-int is accepted as CFLAGS... yes
checking whether -Werror=pointer-arith is accepted as CFLAGS... yes
checking whether -Werror=write-strings is accepted as CFLAGS... yes
checking whether -Werror=declaration-after-statement is accepted as CFLAGS... yes
checking whether -Werror=shorten-64-to-32 is accepted as CFLAGS... no
checking whether -Wshorten-64-to-32 is accepted as CFLAGS... no
checking whether -Werror=implicit-function-declaration is accepted as CFLAGS... yes
checking whether -Werror=division-by-zero is accepted as CFLAGS... no
checking whether -Wdivision-by-zero is accepted as CFLAGS... no
checking whether -Werror=deprecated-declarations is accepted as CFLAGS... yes
checking whether -Wno-packed-bitfield-compat is accepted as CFLAGS... yes
checking whether -Wsuggest-attribute=noreturn is accepted as CFLAGS... yes
checking whether -Wsuggest-attribute=format is accepted as CFLAGS... yes
checking whether -Wimplicit-fallthrough=0 is accepted as CFLAGS... no
checking whether -Werror=extra-tokens is accepted as CFLAGS... no
checking whether -Wextra-tokens is accepted as CFLAGS... no
checking whether -Wno-maybe-uninitialized is accepted as CFLAGS... yes
checking whether -Wall -Wextra is accepted as CFLAGS... yes
checking whether -Qunused-arguments is accepted as CFLAGS... no
checking whether INFINITY is available without C99 option... yes
checking whether NAN is available without C99 option... yes
checking whether -D_FORTIFY_SOURCE=2 is accepted as CFLAGS... yes
checking whether -Wl,--compress-debug-sections=zlib is accepted as LDFLAGS... no
checking whether frexp and modf are broken... no
checking whether -fno-strict-overflow is accepted as CFLAGS... yes
checking whether -ggdb3 is accepted as CFLAGS... yes
checking whether -fvisibility=hidden is accepted as CFLAGS... yes
checking whether -fno-omit-frame-pointer is accepted as CFLAGS... yes
checking whether -static-libgcc is accepted as CFLAGS... yes
checking whether -fno-fast-math is accepted as CFLAGS... yes
checking whether -fexcess-precision=standard is accepted as CFLAGS... yes
checking whether -fp-model precise is accepted as CFLAGS... no
checking for NET_LUID... yes
checking for _gmtime64_s... yes
checking for _wfreopen_s... yes
checking for crypt in -lcrypt... (cached) no
checking for dlopen in -ldl... (cached) no
checking for shl_load in -ldld... no
checking for shutdown in -lsocket... no
checking for dirent.h that defines DIR... yes
checking for library containing opendir... none required
checking for stdbool.h that conforms to C99... yes
checking for _Bool... yes
checking for sys/wait.h that is POSIX.1 compatible... no
checking for a.out.h... (cached) no
checking atomic.h usability... no
checking atomic.h presence... no
checking for atomic.h... no
checking direct.h usability... yes
checking direct.h presence... yes
checking for direct.h... yes
checking grp.h usability... no
checking grp.h presence... no
checking for grp.h... no
checking fcntl.h usability... yes
checking fcntl.h presence... yes
checking for fcntl.h... yes
checking float.h usability... yes
checking float.h presence... yes
checking for float.h... yes
checking ieeefp.h usability... yes
checking ieeefp.h presence... yes
checking for ieeefp.h... yes
checking intrinsics.h usability... no
checking intrinsics.h presence... no
checking for intrinsics.h... no
checking langinfo.h usability... no
checking langinfo.h presence... no
checking for langinfo.h... no
checking limits.h usability... yes
checking limits.h presence... yes
checking for limits.h... yes
checking locale.h usability... yes
checking locale.h presence... yes
checking for locale.h... yes
checking malloc.h usability... yes
checking malloc.h presence... yes
checking for malloc.h... yes
checking malloc/malloc.h usability... no
checking malloc/malloc.h presence... no
checking for malloc/malloc.h... no
checking malloc_np.h usability... no
checking malloc_np.h presence... no
checking for malloc_np.h... no
checking net/socket.h usability... no
checking net/socket.h presence... no
checking for net/socket.h... no
checking process.h usability... yes
checking process.h presence... yes
checking for process.h... yes
checking for pwd.h... (cached) no
checking setjmpex.h usability... yes
checking setjmpex.h presence... yes
checking for setjmpex.h... yes
checking sys/attr.h usability... no
checking sys/attr.h presence... no
checking for sys/attr.h... no
checking sys/fcntl.h usability... yes
checking sys/fcntl.h presence... yes
checking for sys/fcntl.h... yes
checking sys/file.h usability... yes
checking sys/file.h presence... yes
checking for sys/file.h... yes
checking sys/id.h usability... no
checking sys/id.h presence... no
checking for sys/id.h... no
checking for sys/ioctl.h... (cached) no
checking sys/mkdev.h usability... no
checking sys/mkdev.h presence... no
checking for sys/mkdev.h... no
checking for sys/param.h... (cached) no
checking sys/prctl.h usability... no
checking sys/prctl.h presence... no
checking for sys/prctl.h... no
checking for sys/resource.h... (cached) no
checking for sys/select.h... (cached) no
checking sys/sendfile.h usability... no
checking sys/sendfile.h presence... no
checking for sys/sendfile.h... no
checking for sys/socket.h... (cached) no
checking sys/syscall.h usability... no
checking sys/syscall.h presence... no
checking for sys/syscall.h... no
checking sys/sysmacros.h usability... no
checking sys/sysmacros.h presence... no
checking for sys/sysmacros.h... no
checking for sys/time.h... (cached) no
checking for sys/times.h... (cached) no
checking sys/uio.h usability... no
checking sys/uio.h presence... no
checking for sys/uio.h... no
checking sys/utime.h usability... yes
checking sys/utime.h presence... yes
checking for sys/utime.h... yes
checking syscall.h usability... no
checking syscall.h presence... no
checking for syscall.h... no
checking time.h usability... yes
checking time.h presence... yes
checking for time.h... yes
checking ucontext.h usability... no
checking ucontext.h presence... no
checking for ucontext.h... no
checking for utime.h... (cached) no
checking gmp.h usability... yes
checking gmp.h presence... yes
checking for gmp.h... yes
checking for library containing __gmpz_init... -lgmp
checking for special C compiler options needed for large files... no
checking for _FILE_OFFSET_BITS value needed for large files... 64
checking whether byte ordering is bigendian... no
checking for an ANSI C-conforming const... yes
checking whether char is unsigned... no
checking for inline... inline
checking for working volatile... yes
checking for typeof syntax and keyword spelling... typeof
checking for long long... yes
checking for off_t... (cached) yes
checking char bit... 8
checking size of int... 4
checking size of short... 2
checking size of long... 4
checking size of long long... 8
checking size of __int64... 8
checking size of __int128... 16
checking size of off_t... (cached) 8
checking size of void*... 8
checking size of float... 4
checking size of double... 8
checking size of time_t... 8
checking size of clock_t... 4
checking packed struct attribute... x __attribute__((packed))
checking for printf prefix for long long... ll
checking for pid_t... yes
checking for convertible type of pid_t... LL
checking for uid_t... no
checking for convertible type of uid_t... INT
checking for gid_t... no
checking for convertible type of gid_t... INT
checking for time_t... yes
checking for convertible type of time_t... LL
checking for dev_t... yes
checking for convertible type of dev_t... UINT
checking for mode_t... yes
checking for convertible type of mode_t... UINT
checking for rlim_t... no
checking for convertible type of rlim_t... LONG
checking for off_t... (cached) yes
checking for convertible type of off_t... LL
checking for clockid_t... no
checking for convertible type of clockid_t... INT
checking for prototypes... yes
checking token paste string... ansi
checking stringization... #expr
checking string literal concatenation... yes
checking for variable length prototypes and stdarg.h... yes
checking for variable length macro... yes
checking for CONSTFUNC function attribute... __attribute__ ((__const__)) x
checking for PUREFUNC function attribute... __attribute__ ((__pure__)) x
checking for NORETURN function attribute... __attribute__ ((__noreturn__)) x
checking for DEPRECATED function attribute... __attribute__ ((__deprecated__)) x
checking for DEPRECATED_BY function attribute... __attribute__ ((__deprecated__("by "#n))) x
checking for DEPRECATED_TYPE type attribute... __attribute__ ((__deprecated__ mesg)) x
checking for NOINLINE function attribute... __attribute__ ((__noinline__)) x
checking for ALWAYS_INLINE function attribute... __attribute__ ((__always_inline__)) x
checking for WARN_UNUSED_RESULT function attribute... __attribute__ ((__warn_unused_result__)) x
checking for MAYBE_UNUSED function attribute... __attribute__ ((__unused__)) x
checking for ERRORFUNC function attribute... __attribute__ ((__error__ mesg)) x
checking for WARNINGFUNC function attribute... __attribute__ ((__warning__ mesg)) x
checking for WEAK function attribute... __attribute__ ((__weak__)) x
checking for FUNC_STDCALL function attribute... __attribute__ ((__stdcall__)) x
checking for FUNC_CDECL function attribute... __attribute__ ((__cdecl__)) x
checking for FUNC_FASTCALL function attribute... __attribute__ ((__fastcall__)) x
checking for FUNC_UNOPTIMIZED function attribute... __attribute__ ((__optimize__("O0"))) x
checking for FUNC_MINIMIZED function attribute... __attribute__ ((__optimize__("-Os","-fomit-frame-pointer"))) x
checking for function alias... alias
checking for __atomic builtins... yes
checking for __sync builtins... yes
checking for __builtin_unreachable... yes
checking for exported function attribute... __attribute__ ((__visibility__("default")))
checking for function name string predefined identifier... __func__
checking if enum over int is allowed... yes
checking whether sys_nerr is declared... yes
checking whether getenv is declared... yes
checking for size_t... yes
checking size of size_t... 8
checking size of ptrdiff_t... 8
checking for printf prefix for size_t... z
checking for printf prefix for ptrdiff_t... t
checking for struct stat.st_blksize... no
checking for struct stat.st_blocks... no
checking for struct stat.st_rdev... yes
checking size of struct stat.st_size... SIZEOF_OFF_T
checking size of struct stat.st_ino... 2
checking for struct stat.st_atim... no
checking for struct stat.st_atimespec... no
checking for struct stat.st_atimensec... no
checking for struct stat.st_mtim... no
checking for struct stat.st_mtimespec... no
checking for struct stat.st_mtimensec... no
checking for struct stat.st_ctim... no
checking for struct stat.st_ctimespec... no
checking for struct stat.st_ctimensec... no
checking for struct stat.st_birthtimespec... no
checking for struct timeval... (cached) yes
checking size of struct timeval.tv_sec... SIZEOF_LONG
checking for struct timespec... yes
checking for struct timezone... yes
checking for clockid_t... (cached) no
(cached) checking for int8_t... yes
checking size of int8_t... 1
checking for uint8_t... yes
checking size of uint8_t... 1
checking for int16_t... yes
checking size of int16_t... 2
checking for uint16_t... yes
checking size of uint16_t... 2
checking for int32_t... yes
checking size of int32_t... 4
checking for uint32_t... yes
checking size of uint32_t... 4
checking for int64_t... yes
checking size of int64_t... 8
checking for uint64_t... yes
checking size of uint64_t... 8
checking for int128_t... __int128
checking for uint128_t... unsigned __int128
checking for intptr_t... yes
checking size of intptr_t... 8
checking for uintptr_t... yes
checking size of uintptr_t... 8
checking for ssize_t... yes
checking size of ssize_t... 8
checking for stack end address... no
checking for uid_t in sys/types.h... (cached) no
checking type of array argument to getgroups... int
checking return type of signal handlers... void
checking for working alloca.h... no
checking for alloca... yes
checking for dynamic size alloca... ok
checking for working memcmp... (cached) yes
checking for broken erfc of glibc-2.3.6 on IA64... no
checking for acosh... yes
checking for cbrt... yes
checking for crypt... no
checking for dup2... yes
checking for erf... yes
checking for explicit_bzero... no
checking for ffs... no
checking for finite... (cached) yes
checking for flock... (cached) yes
checking for hypot... yes
checking for isinf... (cached) yes
checking for isnan... (cached) yes
checking for lgamma_r... no
checking for memmove... yes
checking for nextafter... yes
checking for setproctitle... no
checking for strchr... yes
checking for strerror... yes
checking for strlcat... no
checking for strlcpy... no
checking for strstr... yes
checking for tgamma... yes
checking sys/pstat.h usability... no
checking sys/pstat.h presence... no
checking for sys/pstat.h... no
checking for signbit... yes
checking for broken memmem... yes
checking for pid_t... (cached) yes
checking vfork.h usability... no
checking vfork.h presence... no
checking for vfork.h... no
checking for fork... no
checking for vfork... no
checking for __syscall... no
checking for _longjmp... no
checking for arc4random_buf... no
checking for atan2l... yes
checking for atan2f... yes
checking for chroot... no
checking for chsize... yes
checking for clock_gettime... (cached) yes
checking for cosh... yes
checking for crypt_r... no
checking for daemon... (cached) no
checking for dirfd... no
checking for dl_iterate_phdr... no
checking for dlopen... no
checking for dladdr... no
checking for dup... yes
checking for dup3... no
checking for eaccess... no
checking for endgrent... no
checking for fchmod... no
checking for fchown... no
checking for fcntl... (cached) yes
checking for fdatasync... no
checking for fgetattrlist... no
checking for fmod... yes
checking for fsync... (cached) yes
checking for ftruncate... yes
checking for ftruncate64... yes
checking for getattrlist... no
checking for getcwd... yes
checking for getgidx... no
checking for getgrnam... no
checking for getgrnam_r... no
checking for getgroups... no
checking for getpgid... no
checking for getpgrp... no
checking for getpriority... no
checking for getpwnam_r... no
checking for getresgid... no
checking for getresuid... no
checking for getrlimit... no
checking for getsid... no
checking for gettimeofday... yes
checking for getuidx... no
checking for gmtime_r... (cached) yes
checking for initgroups... no
checking for ioctl... no
checking for isfinite... no
checking for issetugid... no
checking for killpg... no
checking for lchmod... no
checking for lchown... (cached) yes
checking for link... (cached) yes
checking for llabs... yes
checking for lockf... no
checking for log2... yes
checking for lstat... (cached) yes
checking for malloc_usable_size... (cached) no
checking for malloc_size... no
checking for mblen... yes
checking for memalign... no
checking for memset_s... no
checking for writev... no
checking for memrchr... no
checking for memmem... (cached) no
checking for mkfifo... no
checking for mknod... no
checking for mktime... yes
checking for pipe2... no
checking for poll... no
checking for posix_fadvise... no
checking for posix_memalign... no
checking for ppoll... no
checking for pread... no
checking for qsort_r... no
checking for qsort_s... yes
checking for readlink... (cached) yes
checking for round... (cached) no
checking for sched_getaffinity... no
checking for seekdir... (cached) yes
checking for select_large_fdset... no
checking for sendfile... no
checking for setegid... no
checking for setenv... no
checking for seteuid... no
checking for setgid... no
checking for setgroups... no
checking for setpgid... no
checking for setpgrp... no
checking for setregid... no
checking for setresgid... no
checking for setresuid... no
checking for setreuid... no
checking for setrgid... no
checking for setrlimit... no
checking for setruid... no
checking for setsid... no
checking for setuid... no
checking for shutdown... yes
checking for sigaction... no
checking for sigaltstack... no
checking for sigprocmask... no
checking for sinh... yes
checking for spawnv... yes
checking for symlink... (cached) yes
checking for syscall... no
checking for sysconf... no
checking for tanh... yes
checking for telldir... (cached) yes
checking for timegm... no
checking for times... (cached) yes
checking for truncate... yes
checking for truncate64... yes
checking for unsetenv... no
checking for utimensat... no
checking for utimes... no
checking for wait4... no
checking for waitpid... (cached) yes
checking if getcwd allocates buffer if NULL is given... yes
checking for __builtin_bswap16... yes
checking for __builtin_bswap32... yes
checking for __builtin_bswap64... yes
checking for __builtin_popcount... yes
checking for __builtin_popcountll... yes
checking for __builtin_clz... yes
checking for __builtin_clzl... yes
checking for __builtin_clzll... yes
checking for __builtin_ctz... yes
checking for __builtin_ctzll... yes
checking for __builtin_add_overflow... yes
checking for __builtin_sub_overflow... yes
checking for __builtin_mul_overflow... yes
checking for __builtin_constant_p... yes
checking for __builtin_choose_expr... yes
checking for __builtin_choose_expr_constant_p... yes
checking for __builtin_types_compatible_p... yes
checking whether atan2 handles Inf as C99... yes
checking for clock_getres... (cached) yes
checking for unsetenv returns a value... yes
checking whether struct tm is in sys/time.h or time.h... time.h
checking for struct tm.tm_zone... no
checking whether tzname is declared... yes
checking for tzname... yes
checking for struct tm.tm_gmtoff... no
checking for external int daylight... yes
checking for external timezone... long
checking for external altzone... no
checking for timezone... yes
checking whether timezone requires zero arguments... yes
checking for negative time_t for gmtime(3)... (cached) no
checking for localtime(3) overflow correctly... yes
checking for sigsetmask... no
checking for BSD signal semantics... no
checking for sig_t... no
checking whether getpgrp requires zero arguments... (cached) no
checking whether right shift preserve sign bit... yes
checking stack growing direction on x64... -1
checking if signal.h defines ucontext_t... no
checking whether ELF binaries are produced... (cached) no
checking whether OS depend dynamic link works... yes
checking for backtrace... no
checking valgrind/memcheck.h usability... no
checking valgrind/memcheck.h presence... no
checking for valgrind/memcheck.h... no
checking for x86_64-w64-mingw32-strip... no
checking for strip... strip
checking whether -Wl,--no-undefined is accepted as LDFLAGS... yes
checking whether dtrace USDT is available... no
checking for __builtin_setjmp... (cached) no
checking for _setjmpex as a macro or function... yes
checking for _setjmp as a macro or function... (cached) no
checking for sigsetjmp as a macro or function... no
checking for setjmp type... setjmpex
checking for prefix of external symbols... NONE
checking for nroff... /usr/bin/nroff
.ext/include/x64-mingw32/ruby/config.h updated
configure: ruby library version = 2.5.0
configure: creating ./config.status
config.status: creating GNUmakefile
config.status: creating Makefile
config.status: creating ruby-2.5.pc
---
Configuration summary for ruby version 2.5.0

   * Installation prefix: /mingw64
   * exec prefix:         ${prefix}
   * arch:                x64-mingw32
   * site arch:           x64-msvcrt
   * RUBY_BASE_NAME:      ruby
   * enable shared:       yes
   * ruby lib prefix:     ${libdir}/${RUBY_BASE_NAME}
   * site libraries path: ${rubylibprefix}/${sitearch}
   * vendor path:         ${rubylibprefix}/vendor_ruby
   * target OS:           mingw32
   * compiler:            x86_64-w64-mingw32-gcc
   * with pthread:        no
   * enable shared libs:  yes
   * dynamic library ext: so
   * CFLAGS:              ${optflags} ${debugflags} ${warnflags}
   * LDFLAGS:             -L. -pipe
   * optflags:            -O3 -fno-omit-frame-pointer -fno-fast-math
   * debugflags:          -ggdb3
   * warnflags:           -Wall -Wextra -Wno-unused-parameter \
                          -Wno-parentheses -Wno-long-long \
                          -Wno-missing-field-initializers \
                          -Wno-tautological-compare -mwin32 \
                          -Wunused-variable -Werror=implicit-int \
                          -Werror=pointer-arith -Werror=write-strings \
                          -Werror=declaration-after-statement \
                          -Werror=implicit-function-declaration \
                          -Werror=deprecated-declarations \
                          -Wno-packed-bitfield-compat \
                          -Wsuggest-attribute=noreturn \
                          -Wsuggest-attribute=format \
                          -Wno-maybe-uninitialized
   * strip command:       strip
   * install doc:         no
   * man page type:       doc

---
	CC = x86_64-w64-mingw32-gcc
	LD = ld
	LDSHARED = x86_64-w64-mingw32-gcc -shared 
	CFLAGS = -march=x86-64 -mtune=generic -O2 -pipe -I/mingw64/include/ncurses -ID:/msys64/mingw64/lib/libffi-3.2.1/include 
	XCFLAGS = -D_FORTIFY_SOURCE=2 -fno-strict-overflow -fvisibility=hidden -fexcess-precision=standard -DRUBY_EXPORT
	CPPFLAGS = -D_FORTIFY_SOURCE=2 -D__USE_MINGW_ANSI_STDIO=1 -DFD_SETSIZE=2048 -ID:/msys64/mingw64/lib/libffi-3.2.1/include -I/mingw64/include/ncurses -D_WIN32_WINNT=0x0501 -D__MINGW_USE_VC2005_COMPAT   -I. -I.ext/include/x64-mingw32 -I../ruby-2.5.0/include -I../ruby-2.5.0 -I../ruby-2.5.0/enc/unicode/9.0.0
	DLDFLAGS = -pipe -Wl,--enable-auto-image-base,--enable-auto-import -Wl,--out-implib=libx64-msvcrt-ruby250.dll.a x64-msvcrt-ruby250.def -Wl,--stack,0x00200000,--enable-auto-import -static-libgcc 
	SOLIBS = x64-msvcrt-ruby250.res.o -lgmp -lshell32 -lws2_32 -liphlpapi -limagehlp -lshlwapi  
x86_64-w64-mingw32-gcc.exe (Rev1, Built by MSYS2 project) 6.3.0
Copyright (C) 2016 Free Software Foundation, Inc.
This is free software; see the source for copying conditions.  There is NO
warranty; not even for MERCHANTABILITY or FITNESS FOR A PARTICULAR PURPOSE.

compiling ../ruby-2.5.0/main.c
compiling ../ruby-2.5.0/dmydln.c
compiling ../ruby-2.5.0/miniinit.c
compiling ../ruby-2.5.0/dmyext.c
generating miniprelude.c
miniprelude.c updated
compiling miniprelude.c
generating id.h
id.h updated
/d/r_64/bin/ruby.exe --disable=gems ../ruby-2.5.0/tool/gen_dummy_probes.rb ../ruby-2.5.0/probes.d > probes.dmyh
making dummy probes.h
compiling ../ruby-2.5.0/array.c
compiling ../ruby-2.5.0/bignum.c
compiling ../ruby-2.5.0/class.c
compiling ../ruby-2.5.0/compar.c
generating opt_sc.inc
generating optunifs.inc
generating insns.inc
generating insns_info.inc
generating optinsn.inc
compiling ../ruby-2.5.0/compile.c
compiling ../ruby-2.5.0/complex.c
compiling ../ruby-2.5.0/cont.c
compiling ../ruby-2.5.0/debug.c
generating debug_counter_names.inc
compiling ../ruby-2.5.0/debug_counter.c
compiling ../ruby-2.5.0/dir.c
compiling ../ruby-2.5.0/dln_find.c
compiling ../ruby-2.5.0/encoding.c
compiling ../ruby-2.5.0/enum.c
compiling ../ruby-2.5.0/enumerator.c
generating known_errors.inc
known_errors.inc updated
compiling ../ruby-2.5.0/error.c
compiling ../ruby-2.5.0/eval.c
compiling ../ruby-2.5.0/file.c
compiling ../ruby-2.5.0/gc.c
compiling ../ruby-2.5.0/hash.c
compiling ../ruby-2.5.0/inits.c
compiling ../ruby-2.5.0/io.c
generating node_name.inc
compiling ../ruby-2.5.0/iseq.c
compiling ../ruby-2.5.0/load.c
compiling ../ruby-2.5.0/marshal.c
compiling ../ruby-2.5.0/math.c
compiling ../ruby-2.5.0/node.c
compiling ../ruby-2.5.0/numeric.c
compiling ../ruby-2.5.0/object.c
compiling ../ruby-2.5.0/pack.c
generating parse.c
copying lex.c
compiling parse.c
compiling ../ruby-2.5.0/proc.c
compiling ../ruby-2.5.0/process.c
compiling ../ruby-2.5.0/random.c
compiling ../ruby-2.5.0/range.c
compiling ../ruby-2.5.0/rational.c
compiling ../ruby-2.5.0/re.c
compiling ../ruby-2.5.0/regcomp.c
compiling ../ruby-2.5.0/regenc.c
compiling ../ruby-2.5.0/regerror.c
compiling ../ruby-2.5.0/regexec.c
compiling ../ruby-2.5.0/regparse.c
compiling ../ruby-2.5.0/regsyntax.c
compiling ../ruby-2.5.0/ruby.c
compiling ../ruby-2.5.0/safe.c
compiling ../ruby-2.5.0/signal.c
compiling ../ruby-2.5.0/sprintf.c
compiling ../ruby-2.5.0/st.c
compiling ../ruby-2.5.0/strftime.c
compiling ../ruby-2.5.0/string.c
compiling ../ruby-2.5.0/struct.c
generating id.c
id.c updated
compiling ../ruby-2.5.0/symbol.c
compiling ../ruby-2.5.0/thread.c
compiling ../ruby-2.5.0/time.c
compiling ../ruby-2.5.0/transcode.c
compiling ../ruby-2.5.0/util.c
compiling ../ruby-2.5.0/variable.c
compiling ../ruby-2.5.0/version.c
generating vm.inc
generating vm_call_iseq_optimized.inc
generating vmtc.inc
compiling ../ruby-2.5.0/vm.c
compiling ../ruby-2.5.0/vm_backtrace.c
compiling ../ruby-2.5.0/vm_dump.c
compiling ../ruby-2.5.0/vm_trace.c
compiling ../ruby-2.5.0/enc/ascii.c
compiling ../ruby-2.5.0/enc/us_ascii.c
compiling ../ruby-2.5.0/enc/unicode.c
compiling ../ruby-2.5.0/enc/utf_8.c
generating enc/trans/newline.c ...
converter for universal_newline
converter for crlf_newline
converter for cr_newline
done.  (0.08user 0.02system 0.02elapsed)
compiling enc/trans/newline.c
compiling ../ruby-2.5.0/missing/langinfo.c
compiling ../ruby-2.5.0/missing/fileblocks.c
compiling ../ruby-2.5.0/missing/crypt.c
compiling ../ruby-2.5.0/missing/explicit_bzero.c
compiling ../ruby-2.5.0/missing/ffs.c
compiling ../ruby-2.5.0/missing/lgamma_r.c
compiling ../ruby-2.5.0/missing/setproctitle.c
compiling ../ruby-2.5.0/missing/strlcat.c
compiling ../ruby-2.5.0/missing/strlcpy.c
compiling ../ruby-2.5.0/win32/win32.c
compiling ../ruby-2.5.0/win32/file.c
compiling ../ruby-2.5.0/dmyenc.c
linking miniruby.exe
file2lastrev.rb: No such file or directory - git
make: [uncommon.mk:963: .revision.time] Error 1 (ignored)
../ruby-2.5.0/revision.h unchanged
generating encdb.h
encdb.h updated
../ruby-2.5.0/tool/ifchange "--timestamp=.rbconfig.time" rbconfig.rb rbconfig.tmp
rbconfig.rb updated
generating enc.mk
making srcs under enc
make[1]: Entering directory '/d/mingw-ri/mingw-w64-ruby/src/build-x86_64-w64-mingw32'
make[1]: Nothing to be done for 'srcs'.
make[1]: Leaving directory '/d/mingw-ri/mingw-w64-ruby/src/build-x86_64-w64-mingw32'
generating transdb.h
transdb.h updated
compiling ../ruby-2.5.0/dln.c
compiling ../ruby-2.5.0/localeinit.c
creating verconf.h
verconf.h updated
compiling ../ruby-2.5.0/loadpath.c
generating prelude.c
prelude.c updated
compiling prelude.c
linking static-library libx64-msvcrt-ruby250-static.a
generating x64-msvcrt-ruby250.rc
compiling x64-msvcrt-ruby250.res.o
generating x64-msvcrt-ruby250.def
linking shared-library x64-msvcrt-ruby250.dll
generating makefiles ext/configure-ext.mk
ext/configure-ext.mk updated
make[1]: Entering directory '/d/mingw-ri/mingw-w64-ruby/src/build-x86_64-w64-mingw32'
configuring -test-/array/resize
configuring -test-/bignum
configuring -test-/bug-3571
configuring -test-/bug-5832
configuring -test-/bug_reporter
configuring -test-/class
configuring -test-/debug
configuring -test-/dln/empty
configuring -test-/exception
configuring -test-/fatal
configuring -test-/file
configuring -test-/float
configuring -test-/funcall
configuring -test-/gvl/call_without_gvl
configuring -test-/hash
configuring -test-/integer
configuring -test-/iseq_load
configuring -test-/iter
configuring -test-/load/dot.dot
configuring -test-/marshal/compat
configuring -test-/marshal/internal_ivar
configuring -test-/marshal/usr
configuring -test-/memory_status
configuring -test-/method
configuring -test-/notimplement
configuring -test-/num2int
configuring -test-/path_to_class
configuring -test-/popen_deadlock
configuring -test-/postponed_job
configuring -test-/printf
configuring -test-/proc
configuring -test-/rational
configuring -test-/recursion
configuring -test-/regexp
configuring -test-/st/foreach
configuring -test-/st/numhash
configuring -test-/st/update
configuring -test-/string
configuring -test-/struct
configuring -test-/symbol
configuring -test-/time
configuring -test-/tracepoint
configuring -test-/typeddata
configuring -test-/vm
configuring -test-/wait_for_single_fd
configuring -test-/win32/console
configuring -test-/win32/dln
configuring -test-/win32/fd_setsize
configuring bigdecimal
configuring cgi/escape
configuring continuation
configuring coverage
configuring date
configuring dbm
header: ndbm.h
library: gdbm_compat
configuring digest
configuring digest/bubblebabble
configuring digest/md5
configuring digest/rmd160
configuring digest/sha1
configuring digest/sha2
configuring etc
configuring fcntl
configuring fiber
configuring fiddle
configuring gdbm
configuring io/console
configuring io/nonblock
configuring io/wait
configuring json
configuring json/generator
configuring json/parser
configuring mathn/complex
configuring mathn/rational
configuring nkf
configuring objspace
configuring openssl
configuring pathname
configuring psych
configuring racc/cparse
configuring rbconfig/sizeof
configuring readline
configuring ripper
configuring rubyvm
configuring sdbm
configuring socket
configuring stringio
configuring strscan
configuring win32
configuring win32/resolv
configuring win32ole
configuring zlib
make[1]: Leaving directory '/d/mingw-ri/mingw-w64-ruby/src/build-x86_64-w64-mingw32'
generating makefile exts.mk
exts.mk updated
make[1]: Entering directory '/d/mingw-ri/mingw-w64-ruby/src/build-x86_64-w64-mingw32'
make[2]: Entering directory '/d/mingw-ri/mingw-w64-ruby/src/build-x86_64-w64-mingw32/ext/-test-/array/resize'
generating resize-x64-mingw32.def
compiling ../../../../../ruby-2.5.0/ext/-test-/array/resize/resize.c
linking shared-object -test-/array/resize.so
make[2]: Leaving directory '/d/mingw-ri/mingw-w64-ruby/src/build-x86_64-w64-mingw32/ext/-test-/array/resize'
make[2]: Entering directory '/d/mingw-ri/mingw-w64-ruby/src/build-x86_64-w64-mingw32/ext/-test-/bignum'
generating bignum-x64-mingw32.def
compiling ../../../../ruby-2.5.0/ext/-test-/bignum/big2str.c
compiling ../../../../ruby-2.5.0/ext/-test-/bignum/bigzero.c
compiling ../../../../ruby-2.5.0/ext/-test-/bignum/div.c
compiling ../../../../ruby-2.5.0/ext/-test-/bignum/init.c
compiling ../../../../ruby-2.5.0/ext/-test-/bignum/intpack.c
compiling ../../../../ruby-2.5.0/ext/-test-/bignum/mul.c
compiling ../../../../ruby-2.5.0/ext/-test-/bignum/str2big.c
linking shared-object -test-/bignum.so
make[2]: Leaving directory '/d/mingw-ri/mingw-w64-ruby/src/build-x86_64-w64-mingw32/ext/-test-/bignum'
make[2]: Entering directory '/d/mingw-ri/mingw-w64-ruby/src/build-x86_64-w64-mingw32/ext/-test-/bug-3571'
generating bug_3571-x64-mingw32.def
compiling ../../../../ruby-2.5.0/ext/-test-/bug-3571/bug.c
linking shared-object -test-/bug_3571.so
make[2]: Leaving directory '/d/mingw-ri/mingw-w64-ruby/src/build-x86_64-w64-mingw32/ext/-test-/bug-3571'
make[2]: Entering directory '/d/mingw-ri/mingw-w64-ruby/src/build-x86_64-w64-mingw32/ext/-test-/bug-5832'
generating bug_5832-x64-mingw32.def
compiling ../../../../ruby-2.5.0/ext/-test-/bug-5832/bug.c
linking shared-object -test-/bug_5832.so
make[2]: Leaving directory '/d/mingw-ri/mingw-w64-ruby/src/build-x86_64-w64-mingw32/ext/-test-/bug-5832'
make[2]: Entering directory '/d/mingw-ri/mingw-w64-ruby/src/build-x86_64-w64-mingw32/ext/-test-/bug_reporter'
generating bug_reporter-x64-mingw32.def
compiling ../../../../ruby-2.5.0/ext/-test-/bug_reporter/bug_reporter.c
linking shared-object -test-/bug_reporter.so
make[2]: Leaving directory '/d/mingw-ri/mingw-w64-ruby/src/build-x86_64-w64-mingw32/ext/-test-/bug_reporter'
make[2]: Entering directory '/d/mingw-ri/mingw-w64-ruby/src/build-x86_64-w64-mingw32/ext/-test-/class'
generating class-x64-mingw32.def
compiling ../../../../ruby-2.5.0/ext/-test-/class/class2name.c
compiling ../../../../ruby-2.5.0/ext/-test-/class/init.c
linking shared-object -test-/class.so
make[2]: Leaving directory '/d/mingw-ri/mingw-w64-ruby/src/build-x86_64-w64-mingw32/ext/-test-/class'
make[2]: Entering directory '/d/mingw-ri/mingw-w64-ruby/src/build-x86_64-w64-mingw32/ext/-test-/debug'
generating debug-x64-mingw32.def
compiling ../../../../ruby-2.5.0/ext/-test-/debug/init.c
compiling ../../../../ruby-2.5.0/ext/-test-/debug/inspector.c
compiling ../../../../ruby-2.5.0/ext/-test-/debug/profile_frames.c
linking shared-object -test-/debug.so
make[2]: Leaving directory '/d/mingw-ri/mingw-w64-ruby/src/build-x86_64-w64-mingw32/ext/-test-/debug'
make[2]: Entering directory '/d/mingw-ri/mingw-w64-ruby/src/build-x86_64-w64-mingw32/ext/-test-/dln/empty'
generating empty-x64-mingw32.def
compiling ../../../../../ruby-2.5.0/ext/-test-/dln/empty/empty.c
linking shared-object -test-/dln/empty.so
make[2]: Leaving directory '/d/mingw-ri/mingw-w64-ruby/src/build-x86_64-w64-mingw32/ext/-test-/dln/empty'
make[2]: Entering directory '/d/mingw-ri/mingw-w64-ruby/src/build-x86_64-w64-mingw32/ext/-test-/exception'
generating exception-x64-mingw32.def
compiling ../../../../ruby-2.5.0/ext/-test-/exception/dataerror.c
compiling ../../../../ruby-2.5.0/ext/-test-/exception/enc_raise.c
compiling ../../../../ruby-2.5.0/ext/-test-/exception/ensured.c
compiling ../../../../ruby-2.5.0/ext/-test-/exception/init.c
linking shared-object -test-/exception.so
make[2]: Leaving directory '/d/mingw-ri/mingw-w64-ruby/src/build-x86_64-w64-mingw32/ext/-test-/exception'
make[2]: Entering directory '/d/mingw-ri/mingw-w64-ruby/src/build-x86_64-w64-mingw32/ext/-test-/fatal'
generating rb_fatal-x64-mingw32.def
compiling ../../../../ruby-2.5.0/ext/-test-/fatal/rb_fatal.c
linking shared-object -test-/fatal/rb_fatal.so
make[2]: Leaving directory '/d/mingw-ri/mingw-w64-ruby/src/build-x86_64-w64-mingw32/ext/-test-/fatal'
make[2]: Entering directory '/d/mingw-ri/mingw-w64-ruby/src/build-x86_64-w64-mingw32/ext/-test-/file'
generating file-x64-mingw32.def
compiling ../../../../ruby-2.5.0/ext/-test-/file/fs.c
compiling ../../../../ruby-2.5.0/ext/-test-/file/init.c
compiling ../../../../ruby-2.5.0/ext/-test-/file/stat.c
linking shared-object -test-/file.so
make[2]: Leaving directory '/d/mingw-ri/mingw-w64-ruby/src/build-x86_64-w64-mingw32/ext/-test-/file'
make[2]: Entering directory '/d/mingw-ri/mingw-w64-ruby/src/build-x86_64-w64-mingw32/ext/-test-/float'
generating float-x64-mingw32.def
compiling ../../../../ruby-2.5.0/ext/-test-/float/init.c
compiling ../../../../ruby-2.5.0/ext/-test-/float/nextafter.c
linking shared-object -test-/float.so
make[2]: Leaving directory '/d/mingw-ri/mingw-w64-ruby/src/build-x86_64-w64-mingw32/ext/-test-/float'
make[2]: Entering directory '/d/mingw-ri/mingw-w64-ruby/src/build-x86_64-w64-mingw32/ext/-test-/funcall'
generating funcall-x64-mingw32.def
compiling ../../../../ruby-2.5.0/ext/-test-/funcall/passing_block.c
linking shared-object -test-/funcall.so
make[2]: Leaving directory '/d/mingw-ri/mingw-w64-ruby/src/build-x86_64-w64-mingw32/ext/-test-/funcall'
make[2]: Entering directory '/d/mingw-ri/mingw-w64-ruby/src/build-x86_64-w64-mingw32/ext/-test-/gvl/call_without_gvl'
generating call_without_gvl-x64-mingw32.def
compiling ../../../../../ruby-2.5.0/ext/-test-/gvl/call_without_gvl/call_without_gvl.c
linking shared-object -test-/gvl/call_without_gvl.so
make[2]: Leaving directory '/d/mingw-ri/mingw-w64-ruby/src/build-x86_64-w64-mingw32/ext/-test-/gvl/call_without_gvl'
make[2]: Entering directory '/d/mingw-ri/mingw-w64-ruby/src/build-x86_64-w64-mingw32/ext/-test-/hash'
generating hash-x64-mingw32.def
compiling ../../../../ruby-2.5.0/ext/-test-/hash/delete.c
compiling ../../../../ruby-2.5.0/ext/-test-/hash/init.c
linking shared-object -test-/hash.so
make[2]: Leaving directory '/d/mingw-ri/mingw-w64-ruby/src/build-x86_64-w64-mingw32/ext/-test-/hash'
make[2]: Entering directory '/d/mingw-ri/mingw-w64-ruby/src/build-x86_64-w64-mingw32/ext/-test-/integer'
generating integer-x64-mingw32.def
compiling ../../../../ruby-2.5.0/ext/-test-/integer/core_ext.c
compiling ../../../../ruby-2.5.0/ext/-test-/integer/init.c
compiling ../../../../ruby-2.5.0/ext/-test-/integer/my_integer.c
linking shared-object -test-/integer.so
make[2]: Leaving directory '/d/mingw-ri/mingw-w64-ruby/src/build-x86_64-w64-mingw32/ext/-test-/integer'
make[2]: Entering directory '/d/mingw-ri/mingw-w64-ruby/src/build-x86_64-w64-mingw32/ext/-test-/iseq_load'
generating iseq_load-x64-mingw32.def
compiling ../../../../ruby-2.5.0/ext/-test-/iseq_load/iseq_load.c
linking shared-object -test-/iseq_load.so
make[2]: Leaving directory '/d/mingw-ri/mingw-w64-ruby/src/build-x86_64-w64-mingw32/ext/-test-/iseq_load'
make[2]: Entering directory '/d/mingw-ri/mingw-w64-ruby/src/build-x86_64-w64-mingw32/ext/-test-/iter'
generating iter-x64-mingw32.def
compiling ../../../../ruby-2.5.0/ext/-test-/iter/break.c
compiling ../../../../ruby-2.5.0/ext/-test-/iter/init.c
compiling ../../../../ruby-2.5.0/ext/-test-/iter/yield.c
linking shared-object -test-/iter.so
make[2]: Leaving directory '/d/mingw-ri/mingw-w64-ruby/src/build-x86_64-w64-mingw32/ext/-test-/iter'
make[2]: Entering directory '/d/mingw-ri/mingw-w64-ruby/src/build-x86_64-w64-mingw32/ext/-test-/load/dot.dot'
generating dot.dot-x64-mingw32.def
compiling ../../../../../ruby-2.5.0/ext/-test-/load/dot.dot/dot.dot.c
linking shared-object -test-/load/dot.dot.so
make[2]: Leaving directory '/d/mingw-ri/mingw-w64-ruby/src/build-x86_64-w64-mingw32/ext/-test-/load/dot.dot'
make[2]: Entering directory '/d/mingw-ri/mingw-w64-ruby/src/build-x86_64-w64-mingw32/ext/-test-/marshal/compat'
generating compat-x64-mingw32.def
compiling ../../../../../ruby-2.5.0/ext/-test-/marshal/compat/usrcompat.c
linking shared-object -test-/marshal/compat.so
make[2]: Leaving directory '/d/mingw-ri/mingw-w64-ruby/src/build-x86_64-w64-mingw32/ext/-test-/marshal/compat'
make[2]: Entering directory '/d/mingw-ri/mingw-w64-ruby/src/build-x86_64-w64-mingw32/ext/-test-/marshal/internal_ivar'
generating internal_ivar-x64-mingw32.def
compiling ../../../../../ruby-2.5.0/ext/-test-/marshal/internal_ivar/internal_ivar.c
linking shared-object -test-/marshal/internal_ivar.so
make[2]: Leaving directory '/d/mingw-ri/mingw-w64-ruby/src/build-x86_64-w64-mingw32/ext/-test-/marshal/internal_ivar'
make[2]: Entering directory '/d/mingw-ri/mingw-w64-ruby/src/build-x86_64-w64-mingw32/ext/-test-/marshal/usr'
generating usr-x64-mingw32.def
compiling ../../../../../ruby-2.5.0/ext/-test-/marshal/usr/usrmarshal.c
linking shared-object -test-/marshal/usr.so
make[2]: Leaving directory '/d/mingw-ri/mingw-w64-ruby/src/build-x86_64-w64-mingw32/ext/-test-/marshal/usr'
make[2]: Entering directory '/d/mingw-ri/mingw-w64-ruby/src/build-x86_64-w64-mingw32/ext/-test-/memory_status'
generating memory_status-x64-mingw32.def
compiling ../../../../ruby-2.5.0/ext/-test-/memory_status/memory_status.c
linking shared-object -test-/memory_status.so
make[2]: Leaving directory '/d/mingw-ri/mingw-w64-ruby/src/build-x86_64-w64-mingw32/ext/-test-/memory_status'
make[2]: Entering directory '/d/mingw-ri/mingw-w64-ruby/src/build-x86_64-w64-mingw32/ext/-test-/method'
generating method-x64-mingw32.def
compiling ../../../../ruby-2.5.0/ext/-test-/method/arity.c
compiling ../../../../ruby-2.5.0/ext/-test-/method/init.c
linking shared-object -test-/method.so
make[2]: Leaving directory '/d/mingw-ri/mingw-w64-ruby/src/build-x86_64-w64-mingw32/ext/-test-/method'
make[2]: Entering directory '/d/mingw-ri/mingw-w64-ruby/src/build-x86_64-w64-mingw32/ext/-test-/notimplement'
generating notimplement-x64-mingw32.def
compiling ../../../../ruby-2.5.0/ext/-test-/notimplement/bug.c
linking shared-object -test-/notimplement.so
make[2]: Leaving directory '/d/mingw-ri/mingw-w64-ruby/src/build-x86_64-w64-mingw32/ext/-test-/notimplement'
make[2]: Entering directory '/d/mingw-ri/mingw-w64-ruby/src/build-x86_64-w64-mingw32/ext/-test-/num2int'
generating num2int-x64-mingw32.def
compiling ../../../../ruby-2.5.0/ext/-test-/num2int/num2int.c
linking shared-object -test-/num2int.so
make[2]: Leaving directory '/d/mingw-ri/mingw-w64-ruby/src/build-x86_64-w64-mingw32/ext/-test-/num2int'
make[2]: Entering directory '/d/mingw-ri/mingw-w64-ruby/src/build-x86_64-w64-mingw32/ext/-test-/path_to_class'
generating path_to_class-x64-mingw32.def
compiling ../../../../ruby-2.5.0/ext/-test-/path_to_class/path_to_class.c
linking shared-object -test-/path_to_class.so
make[2]: Leaving directory '/d/mingw-ri/mingw-w64-ruby/src/build-x86_64-w64-mingw32/ext/-test-/path_to_class'
make[2]: Entering directory '/d/mingw-ri/mingw-w64-ruby/src/build-x86_64-w64-mingw32/ext/-test-/postponed_job'
generating postponed_job-x64-mingw32.def
compiling ../../../../ruby-2.5.0/ext/-test-/postponed_job/postponed_job.c
linking shared-object -test-/postponed_job.so
make[2]: Leaving directory '/d/mingw-ri/mingw-w64-ruby/src/build-x86_64-w64-mingw32/ext/-test-/postponed_job'
make[2]: Entering directory '/d/mingw-ri/mingw-w64-ruby/src/build-x86_64-w64-mingw32/ext/-test-/printf'
generating printf-x64-mingw32.def
compiling ../../../../ruby-2.5.0/ext/-test-/printf/printf.c
linking shared-object -test-/printf.so
make[2]: Leaving directory '/d/mingw-ri/mingw-w64-ruby/src/build-x86_64-w64-mingw32/ext/-test-/printf'
make[2]: Entering directory '/d/mingw-ri/mingw-w64-ruby/src/build-x86_64-w64-mingw32/ext/-test-/proc'
generating proc-x64-mingw32.def
compiling ../../../../ruby-2.5.0/ext/-test-/proc/init.c
compiling ../../../../ruby-2.5.0/ext/-test-/proc/receiver.c
compiling ../../../../ruby-2.5.0/ext/-test-/proc/super.c
linking shared-object -test-/proc.so
make[2]: Leaving directory '/d/mingw-ri/mingw-w64-ruby/src/build-x86_64-w64-mingw32/ext/-test-/proc'
make[2]: Entering directory '/d/mingw-ri/mingw-w64-ruby/src/build-x86_64-w64-mingw32/ext/-test-/rational'
generating rational-x64-mingw32.def
compiling ../../../../ruby-2.5.0/ext/-test-/rational/rat.c
linking shared-object -test-/rational.so
make[2]: Leaving directory '/d/mingw-ri/mingw-w64-ruby/src/build-x86_64-w64-mingw32/ext/-test-/rational'
make[2]: Entering directory '/d/mingw-ri/mingw-w64-ruby/src/build-x86_64-w64-mingw32/ext/-test-/recursion'
generating recursion-x64-mingw32.def
compiling ../../../../ruby-2.5.0/ext/-test-/recursion/recursion.c
linking shared-object -test-/recursion.so
make[2]: Leaving directory '/d/mingw-ri/mingw-w64-ruby/src/build-x86_64-w64-mingw32/ext/-test-/recursion'
make[2]: Entering directory '/d/mingw-ri/mingw-w64-ruby/src/build-x86_64-w64-mingw32/ext/-test-/regexp'
generating regexp-x64-mingw32.def
compiling ../../../../ruby-2.5.0/ext/-test-/regexp/init.c
compiling ../../../../ruby-2.5.0/ext/-test-/regexp/parse_depth_limit.c
linking shared-object -test-/regexp.so
make[2]: Leaving directory '/d/mingw-ri/mingw-w64-ruby/src/build-x86_64-w64-mingw32/ext/-test-/regexp'
make[2]: Entering directory '/d/mingw-ri/mingw-w64-ruby/src/build-x86_64-w64-mingw32/ext/-test-/st/foreach'
generating foreach-x64-mingw32.def
compiling ../../../../../ruby-2.5.0/ext/-test-/st/foreach/foreach.c
linking shared-object -test-/st/foreach.so
make[2]: Leaving directory '/d/mingw-ri/mingw-w64-ruby/src/build-x86_64-w64-mingw32/ext/-test-/st/foreach'
make[2]: Entering directory '/d/mingw-ri/mingw-w64-ruby/src/build-x86_64-w64-mingw32/ext/-test-/st/numhash'
generating numhash-x64-mingw32.def
compiling ../../../../../ruby-2.5.0/ext/-test-/st/numhash/numhash.c
linking shared-object -test-/st/numhash.so
make[2]: Leaving directory '/d/mingw-ri/mingw-w64-ruby/src/build-x86_64-w64-mingw32/ext/-test-/st/numhash'
make[2]: Entering directory '/d/mingw-ri/mingw-w64-ruby/src/build-x86_64-w64-mingw32/ext/-test-/st/update'
generating update-x64-mingw32.def
compiling ../../../../../ruby-2.5.0/ext/-test-/st/update/update.c
linking shared-object -test-/st/update.so
make[2]: Leaving directory '/d/mingw-ri/mingw-w64-ruby/src/build-x86_64-w64-mingw32/ext/-test-/st/update'
make[2]: Entering directory '/d/mingw-ri/mingw-w64-ruby/src/build-x86_64-w64-mingw32/ext/-test-/string'
generating string-x64-mingw32.def
compiling ../../../../ruby-2.5.0/ext/-test-/string/capacity.c
compiling ../../../../ruby-2.5.0/ext/-test-/string/coderange.c
compiling ../../../../ruby-2.5.0/ext/-test-/string/cstr.c
compiling ../../../../ruby-2.5.0/ext/-test-/string/ellipsize.c
compiling ../../../../ruby-2.5.0/ext/-test-/string/enc_associate.c
compiling ../../../../ruby-2.5.0/ext/-test-/string/enc_str_buf_cat.c
compiling ../../../../ruby-2.5.0/ext/-test-/string/fstring.c
compiling ../../../../ruby-2.5.0/ext/-test-/string/init.c
compiling ../../../../ruby-2.5.0/ext/-test-/string/modify.c
compiling ../../../../ruby-2.5.0/ext/-test-/string/nofree.c
compiling ../../../../ruby-2.5.0/ext/-test-/string/normalize.c
compiling ../../../../ruby-2.5.0/ext/-test-/string/qsort.c
compiling ../../../../ruby-2.5.0/ext/-test-/string/set_len.c
linking shared-object -test-/string.so
make[2]: Leaving directory '/d/mingw-ri/mingw-w64-ruby/src/build-x86_64-w64-mingw32/ext/-test-/string'
make[2]: Entering directory '/d/mingw-ri/mingw-w64-ruby/src/build-x86_64-w64-mingw32/ext/-test-/struct'
generating struct-x64-mingw32.def
compiling ../../../../ruby-2.5.0/ext/-test-/struct/duplicate.c
compiling ../../../../ruby-2.5.0/ext/-test-/struct/init.c
compiling ../../../../ruby-2.5.0/ext/-test-/struct/member.c
linking shared-object -test-/struct.so
make[2]: Leaving directory '/d/mingw-ri/mingw-w64-ruby/src/build-x86_64-w64-mingw32/ext/-test-/struct'
make[2]: Entering directory '/d/mingw-ri/mingw-w64-ruby/src/build-x86_64-w64-mingw32/ext/-test-/symbol'
generating symbol-x64-mingw32.def
compiling ../../../../ruby-2.5.0/ext/-test-/symbol/init.c
compiling ../../../../ruby-2.5.0/ext/-test-/symbol/type.c
linking shared-object -test-/symbol.so
make[2]: Leaving directory '/d/mingw-ri/mingw-w64-ruby/src/build-x86_64-w64-mingw32/ext/-test-/symbol'
make[2]: Entering directory '/d/mingw-ri/mingw-w64-ruby/src/build-x86_64-w64-mingw32/ext/-test-/time'
generating time-x64-mingw32.def
compiling ../../../../ruby-2.5.0/ext/-test-/time/init.c
compiling ../../../../ruby-2.5.0/ext/-test-/time/new.c
linking shared-object -test-/time.so
make[2]: Leaving directory '/d/mingw-ri/mingw-w64-ruby/src/build-x86_64-w64-mingw32/ext/-test-/time'
make[2]: Entering directory '/d/mingw-ri/mingw-w64-ruby/src/build-x86_64-w64-mingw32/ext/-test-/tracepoint'
generating tracepoint-x64-mingw32.def
compiling ../../../../ruby-2.5.0/ext/-test-/tracepoint/gc_hook.c
compiling ../../../../ruby-2.5.0/ext/-test-/tracepoint/tracepoint.c
linking shared-object -test-/tracepoint.so
make[2]: Leaving directory '/d/mingw-ri/mingw-w64-ruby/src/build-x86_64-w64-mingw32/ext/-test-/tracepoint'
make[2]: Entering directory '/d/mingw-ri/mingw-w64-ruby/src/build-x86_64-w64-mingw32/ext/-test-/typeddata'
generating typeddata-x64-mingw32.def
compiling ../../../../ruby-2.5.0/ext/-test-/typeddata/typeddata.c
linking shared-object -test-/typeddata.so
make[2]: Leaving directory '/d/mingw-ri/mingw-w64-ruby/src/build-x86_64-w64-mingw32/ext/-test-/typeddata'
make[2]: Entering directory '/d/mingw-ri/mingw-w64-ruby/src/build-x86_64-w64-mingw32/ext/-test-/vm'
generating at_exit-x64-mingw32.def
compiling ../../../../ruby-2.5.0/ext/-test-/vm/at_exit.c
linking shared-object -test-/vm/at_exit.so
make[2]: Leaving directory '/d/mingw-ri/mingw-w64-ruby/src/build-x86_64-w64-mingw32/ext/-test-/vm'
make[2]: Entering directory '/d/mingw-ri/mingw-w64-ruby/src/build-x86_64-w64-mingw32/ext/-test-/wait_for_single_fd'
generating wait_for_single_fd-x64-mingw32.def
compiling ../../../../ruby-2.5.0/ext/-test-/wait_for_single_fd/wait_for_single_fd.c
linking shared-object -test-/wait_for_single_fd.so
make[2]: Leaving directory '/d/mingw-ri/mingw-w64-ruby/src/build-x86_64-w64-mingw32/ext/-test-/wait_for_single_fd'
make[2]: Entering directory '/d/mingw-ri/mingw-w64-ruby/src/build-x86_64-w64-mingw32/ext/-test-/win32/console'
generating console-x64-mingw32.def
compiling ../../../../../ruby-2.5.0/ext/-test-/win32/console/attribute.c
compiling ../../../../../ruby-2.5.0/ext/-test-/win32/console/init.c
linking shared-object -test-/win32/console.so
make[2]: Leaving directory '/d/mingw-ri/mingw-w64-ruby/src/build-x86_64-w64-mingw32/ext/-test-/win32/console'
make[2]: Entering directory '/d/mingw-ri/mingw-w64-ruby/src/build-x86_64-w64-mingw32/ext/-test-/win32/dln'
generating dln-x64-mingw32.def
compiling ../../../../../ruby-2.5.0/ext/-test-/win32/dln/dlntest.c
compiling ../../../../../ruby-2.5.0/ext/-test-/win32/dln/libdlntest.c
linking shared-object dlntest.dll
linking shared-object -test-/win32/dln.so
make[2]: Leaving directory '/d/mingw-ri/mingw-w64-ruby/src/build-x86_64-w64-mingw32/ext/-test-/win32/dln'
make[2]: Entering directory '/d/mingw-ri/mingw-w64-ruby/src/build-x86_64-w64-mingw32/ext/-test-/win32/fd_setsize'
generating fd_setsize-x64-mingw32.def
compiling ../../../../../ruby-2.5.0/ext/-test-/win32/fd_setsize/fd_setsize.c
linking shared-object -test-/win32/fd_setsize.so
make[2]: Leaving directory '/d/mingw-ri/mingw-w64-ruby/src/build-x86_64-w64-mingw32/ext/-test-/win32/fd_setsize'
make[2]: Entering directory '/d/mingw-ri/mingw-w64-ruby/src/build-x86_64-w64-mingw32/ext/bigdecimal'
generating bigdecimal-x64-mingw32.def
compiling ../../../ruby-2.5.0/ext/bigdecimal/bigdecimal.c
linking shared-object bigdecimal.so
installing default bigdecimal libraries
make[2]: Leaving directory '/d/mingw-ri/mingw-w64-ruby/src/build-x86_64-w64-mingw32/ext/bigdecimal'
make[2]: Entering directory '/d/mingw-ri/mingw-w64-ruby/src/build-x86_64-w64-mingw32/ext/cgi/escape'
generating escape-x64-mingw32.def
compiling ../../../../ruby-2.5.0/ext/cgi/escape/escape.c
linking shared-object cgi/escape.so
make[2]: Leaving directory '/d/mingw-ri/mingw-w64-ruby/src/build-x86_64-w64-mingw32/ext/cgi/escape'
make[2]: Entering directory '/d/mingw-ri/mingw-w64-ruby/src/build-x86_64-w64-mingw32/ext/continuation'
generating continuation-x64-mingw32.def
compiling ../../../ruby-2.5.0/ext/continuation/continuation.c
linking shared-object continuation.so
make[2]: Leaving directory '/d/mingw-ri/mingw-w64-ruby/src/build-x86_64-w64-mingw32/ext/continuation'
make[2]: Entering directory '/d/mingw-ri/mingw-w64-ruby/src/build-x86_64-w64-mingw32/ext/coverage'
generating coverage-x64-mingw32.def
compiling ../../../ruby-2.5.0/ext/coverage/coverage.c
linking shared-object coverage.so
make[2]: Leaving directory '/d/mingw-ri/mingw-w64-ruby/src/build-x86_64-w64-mingw32/ext/coverage'
make[2]: Entering directory '/d/mingw-ri/mingw-w64-ruby/src/build-x86_64-w64-mingw32/ext/date'
generating date_core-x64-mingw32.def
compiling ../../../ruby-2.5.0/ext/date/date_core.c
compiling ../../../ruby-2.5.0/ext/date/date_parse.c
compiling ../../../ruby-2.5.0/ext/date/date_strftime.c
compiling ../../../ruby-2.5.0/ext/date/date_strptime.c
linking shared-object date_core.so
installing default date_core libraries
make[2]: Leaving directory '/d/mingw-ri/mingw-w64-ruby/src/build-x86_64-w64-mingw32/ext/date'
make[2]: Entering directory '/d/mingw-ri/mingw-w64-ruby/src/build-x86_64-w64-mingw32/ext/dbm'
generating dbm-x64-mingw32.def
compiling ../../../ruby-2.5.0/ext/dbm/dbm.c
linking shared-object dbm.so
make[2]: Leaving directory '/d/mingw-ri/mingw-w64-ruby/src/build-x86_64-w64-mingw32/ext/dbm'
make[2]: Entering directory '/d/mingw-ri/mingw-w64-ruby/src/build-x86_64-w64-mingw32/ext/digest'
generating digest-x64-mingw32.def
compiling ../../../ruby-2.5.0/ext/digest/digest.c
linking shared-object digest.so
installing digest libraries
installing default digest libraries
make[2]: Leaving directory '/d/mingw-ri/mingw-w64-ruby/src/build-x86_64-w64-mingw32/ext/digest'
make[2]: Entering directory '/d/mingw-ri/mingw-w64-ruby/src/build-x86_64-w64-mingw32/ext/digest/bubblebabble'
generating bubblebabble-x64-mingw32.def
compiling ../../../../ruby-2.5.0/ext/digest/bubblebabble/bubblebabble.c
linking shared-object digest/bubblebabble.so
make[2]: Leaving directory '/d/mingw-ri/mingw-w64-ruby/src/build-x86_64-w64-mingw32/ext/digest/bubblebabble'
make[2]: Entering directory '/d/mingw-ri/mingw-w64-ruby/src/build-x86_64-w64-mingw32/ext/digest/md5'
generating md5-x64-mingw32.def
compiling ../../../../ruby-2.5.0/ext/digest/md5/md5init.c
linking shared-object digest/md5.so
make[2]: Leaving directory '/d/mingw-ri/mingw-w64-ruby/src/build-x86_64-w64-mingw32/ext/digest/md5'
make[2]: Entering directory '/d/mingw-ri/mingw-w64-ruby/src/build-x86_64-w64-mingw32/ext/digest/rmd160'
generating rmd160-x64-mingw32.def
compiling ../../../../ruby-2.5.0/ext/digest/rmd160/rmd160init.c
linking shared-object digest/rmd160.so
make[2]: Leaving directory '/d/mingw-ri/mingw-w64-ruby/src/build-x86_64-w64-mingw32/ext/digest/rmd160'
make[2]: Entering directory '/d/mingw-ri/mingw-w64-ruby/src/build-x86_64-w64-mingw32/ext/digest/sha1'
generating sha1-x64-mingw32.def
compiling ../../../../ruby-2.5.0/ext/digest/sha1/sha1init.c
linking shared-object digest/sha1.so
make[2]: Leaving directory '/d/mingw-ri/mingw-w64-ruby/src/build-x86_64-w64-mingw32/ext/digest/sha1'
make[2]: Entering directory '/d/mingw-ri/mingw-w64-ruby/src/build-x86_64-w64-mingw32/ext/digest/sha2'
generating sha2-x64-mingw32.def
compiling ../../../../ruby-2.5.0/ext/digest/sha2/sha2init.c
linking shared-object digest/sha2.so
installing default sha2 libraries
make[2]: Leaving directory '/d/mingw-ri/mingw-w64-ruby/src/build-x86_64-w64-mingw32/ext/digest/sha2'
make[2]: Entering directory '/d/mingw-ri/mingw-w64-ruby/src/build-x86_64-w64-mingw32/ext/etc'
generating etc-x64-mingw32.def
generating constant definitions
compiling ../../../ruby-2.5.0/ext/etc/etc.c
linking shared-object etc.so
make[2]: Leaving directory '/d/mingw-ri/mingw-w64-ruby/src/build-x86_64-w64-mingw32/ext/etc'
make[2]: Entering directory '/d/mingw-ri/mingw-w64-ruby/src/build-x86_64-w64-mingw32/ext/fcntl'
generating fcntl-x64-mingw32.def
compiling ../../../ruby-2.5.0/ext/fcntl/fcntl.c
linking shared-object fcntl.so
make[2]: Leaving directory '/d/mingw-ri/mingw-w64-ruby/src/build-x86_64-w64-mingw32/ext/fcntl'
make[2]: Entering directory '/d/mingw-ri/mingw-w64-ruby/src/build-x86_64-w64-mingw32/ext/fiber'
generating fiber-x64-mingw32.def
compiling ../../../ruby-2.5.0/ext/fiber/fiber.c
linking shared-object fiber.so
make[2]: Leaving directory '/d/mingw-ri/mingw-w64-ruby/src/build-x86_64-w64-mingw32/ext/fiber'
make[2]: Entering directory '/d/mingw-ri/mingw-w64-ruby/src/build-x86_64-w64-mingw32/ext/fiddle'
generating fiddle-x64-mingw32.def
compiling ../../../ruby-2.5.0/ext/fiddle/closure.c
compiling ../../../ruby-2.5.0/ext/fiddle/conversions.c
compiling ../../../ruby-2.5.0/ext/fiddle/fiddle.c
compiling ../../../ruby-2.5.0/ext/fiddle/function.c
compiling ../../../ruby-2.5.0/ext/fiddle/handle.c
compiling ../../../ruby-2.5.0/ext/fiddle/pointer.c
linking shared-object fiddle.so
installing default fiddle libraries
make[2]: Leaving directory '/d/mingw-ri/mingw-w64-ruby/src/build-x86_64-w64-mingw32/ext/fiddle'
make[2]: Entering directory '/d/mingw-ri/mingw-w64-ruby/src/build-x86_64-w64-mingw32/ext/gdbm'
generating gdbm-x64-mingw32.def
compiling ../../../ruby-2.5.0/ext/gdbm/gdbm.c
linking shared-object gdbm.so
make[2]: Leaving directory '/d/mingw-ri/mingw-w64-ruby/src/build-x86_64-w64-mingw32/ext/gdbm'
make[2]: Entering directory '/d/mingw-ri/mingw-w64-ruby/src/build-x86_64-w64-mingw32/ext/io/console'
generating console-x64-mingw32.def
compiling ../../../../ruby-2.5.0/ext/io/console/console.c
linking shared-object io/console.so
installing default console libraries
make[2]: Leaving directory '/d/mingw-ri/mingw-w64-ruby/src/build-x86_64-w64-mingw32/ext/io/console'
make[2]: Entering directory '/d/mingw-ri/mingw-w64-ruby/src/build-x86_64-w64-mingw32/ext/io/nonblock'
generating nonblock-x64-mingw32.def
compiling ../../../../ruby-2.5.0/ext/io/nonblock/nonblock.c
linking shared-object io/nonblock.so
make[2]: Leaving directory '/d/mingw-ri/mingw-w64-ruby/src/build-x86_64-w64-mingw32/ext/io/nonblock'
make[2]: Entering directory '/d/mingw-ri/mingw-w64-ruby/src/build-x86_64-w64-mingw32/ext/io/wait'
generating wait-x64-mingw32.def
compiling ../../../../ruby-2.5.0/ext/io/wait/wait.c
linking shared-object io/wait.so
make[2]: Leaving directory '/d/mingw-ri/mingw-w64-ruby/src/build-x86_64-w64-mingw32/ext/io/wait'
make[2]: Entering directory '/d/mingw-ri/mingw-w64-ruby/src/build-x86_64-w64-mingw32/ext/json'
installing default libraries
make[2]: Leaving directory '/d/mingw-ri/mingw-w64-ruby/src/build-x86_64-w64-mingw32/ext/json'
make[2]: Entering directory '/d/mingw-ri/mingw-w64-ruby/src/build-x86_64-w64-mingw32/ext/json/generator'
generating generator-x64-mingw32.def
compiling ../../../../ruby-2.5.0/ext/json/generator/generator.c
linking shared-object json/ext/generator.so
make[2]: Leaving directory '/d/mingw-ri/mingw-w64-ruby/src/build-x86_64-w64-mingw32/ext/json/generator'
make[2]: Entering directory '/d/mingw-ri/mingw-w64-ruby/src/build-x86_64-w64-mingw32/ext/json/parser'
generating parser-x64-mingw32.def
compiling ../../../../ruby-2.5.0/ext/json/parser/parser.c
linking shared-object json/ext/parser.so
make[2]: Leaving directory '/d/mingw-ri/mingw-w64-ruby/src/build-x86_64-w64-mingw32/ext/json/parser'
make[2]: Entering directory '/d/mingw-ri/mingw-w64-ruby/src/build-x86_64-w64-mingw32/ext/mathn/complex'
generating complex-x64-mingw32.def
compiling ../../../../ruby-2.5.0/ext/mathn/complex/complex.c
linking shared-object mathn/complex.so
make[2]: Leaving directory '/d/mingw-ri/mingw-w64-ruby/src/build-x86_64-w64-mingw32/ext/mathn/complex'
make[2]: Entering directory '/d/mingw-ri/mingw-w64-ruby/src/build-x86_64-w64-mingw32/ext/mathn/rational'
generating rational-x64-mingw32.def
compiling ../../../../ruby-2.5.0/ext/mathn/rational/rational.c
linking shared-object mathn/rational.so
make[2]: Leaving directory '/d/mingw-ri/mingw-w64-ruby/src/build-x86_64-w64-mingw32/ext/mathn/rational'
make[2]: Entering directory '/d/mingw-ri/mingw-w64-ruby/src/build-x86_64-w64-mingw32/ext/nkf'
generating nkf-x64-mingw32.def
compiling ../../../ruby-2.5.0/ext/nkf/nkf.c
linking shared-object nkf.so
installing default nkf libraries
make[2]: Leaving directory '/d/mingw-ri/mingw-w64-ruby/src/build-x86_64-w64-mingw32/ext/nkf'
make[2]: Entering directory '/d/mingw-ri/mingw-w64-ruby/src/build-x86_64-w64-mingw32/ext/objspace'
generating objspace-x64-mingw32.def
compiling ../../../ruby-2.5.0/ext/objspace/object_tracing.c
compiling ../../../ruby-2.5.0/ext/objspace/objspace.c
compiling ../../../ruby-2.5.0/ext/objspace/objspace_dump.c
linking shared-object objspace.so
make[2]: Leaving directory '/d/mingw-ri/mingw-w64-ruby/src/build-x86_64-w64-mingw32/ext/objspace'
make[2]: Entering directory '/d/mingw-ri/mingw-w64-ruby/src/build-x86_64-w64-mingw32/ext/openssl'
generating openssl-x64-mingw32.def
compiling ../../../ruby-2.5.0/ext/openssl/openssl_missing.c
compiling ../../../ruby-2.5.0/ext/openssl/ossl.c
compiling ../../../ruby-2.5.0/ext/openssl/ossl_asn1.c
compiling ../../../ruby-2.5.0/ext/openssl/ossl_bio.c
compiling ../../../ruby-2.5.0/ext/openssl/ossl_bn.c
compiling ../../../ruby-2.5.0/ext/openssl/ossl_cipher.c
compiling ../../../ruby-2.5.0/ext/openssl/ossl_config.c
compiling ../../../ruby-2.5.0/ext/openssl/ossl_digest.c
compiling ../../../ruby-2.5.0/ext/openssl/ossl_engine.c
compiling ../../../ruby-2.5.0/ext/openssl/ossl_hmac.c
compiling ../../../ruby-2.5.0/ext/openssl/ossl_ns_spki.c
compiling ../../../ruby-2.5.0/ext/openssl/ossl_ocsp.c
compiling ../../../ruby-2.5.0/ext/openssl/ossl_pkcs12.c
compiling ../../../ruby-2.5.0/ext/openssl/ossl_pkcs5.c
compiling ../../../ruby-2.5.0/ext/openssl/ossl_pkcs7.c
compiling ../../../ruby-2.5.0/ext/openssl/ossl_pkey.c
compiling ../../../ruby-2.5.0/ext/openssl/ossl_pkey_dh.c
compiling ../../../ruby-2.5.0/ext/openssl/ossl_pkey_dsa.c
compiling ../../../ruby-2.5.0/ext/openssl/ossl_pkey_ec.c
compiling ../../../ruby-2.5.0/ext/openssl/ossl_pkey_rsa.c
compiling ../../../ruby-2.5.0/ext/openssl/ossl_rand.c
compiling ../../../ruby-2.5.0/ext/openssl/ossl_ssl.c
compiling ../../../ruby-2.5.0/ext/openssl/ossl_ssl_session.c
compiling ../../../ruby-2.5.0/ext/openssl/ossl_x509.c
compiling ../../../ruby-2.5.0/ext/openssl/ossl_x509attr.c
compiling ../../../ruby-2.5.0/ext/openssl/ossl_x509cert.c
compiling ../../../ruby-2.5.0/ext/openssl/ossl_x509crl.c
compiling ../../../ruby-2.5.0/ext/openssl/ossl_x509ext.c
compiling ../../../ruby-2.5.0/ext/openssl/ossl_x509name.c
compiling ../../../ruby-2.5.0/ext/openssl/ossl_x509req.c
compiling ../../../ruby-2.5.0/ext/openssl/ossl_x509revoked.c
compiling ../../../ruby-2.5.0/ext/openssl/ossl_x509store.c
linking shared-object openssl.so
installing default openssl libraries
make[2]: Leaving directory '/d/mingw-ri/mingw-w64-ruby/src/build-x86_64-w64-mingw32/ext/openssl'
make[2]: Entering directory '/d/mingw-ri/mingw-w64-ruby/src/build-x86_64-w64-mingw32/ext/pathname'
generating pathname-x64-mingw32.def
compiling ../../../ruby-2.5.0/ext/pathname/pathname.c
linking shared-object pathname.so
installing default pathname libraries
make[2]: Leaving directory '/d/mingw-ri/mingw-w64-ruby/src/build-x86_64-w64-mingw32/ext/pathname'
make[2]: Entering directory '/d/mingw-ri/mingw-w64-ruby/src/build-x86_64-w64-mingw32/ext/psych'
generating psych-x64-mingw32.def
compiling ../../../ruby-2.5.0/ext/psych/psych.c
compiling ../../../ruby-2.5.0/ext/psych/psych_emitter.c
compiling ../../../ruby-2.5.0/ext/psych/psych_parser.c
compiling ../../../ruby-2.5.0/ext/psych/psych_to_ruby.c
compiling ../../../ruby-2.5.0/ext/psych/psych_yaml_tree.c
linking shared-object psych.so
installing default psych libraries
make[2]: Leaving directory '/d/mingw-ri/mingw-w64-ruby/src/build-x86_64-w64-mingw32/ext/psych'
make[2]: Entering directory '/d/mingw-ri/mingw-w64-ruby/src/build-x86_64-w64-mingw32/ext/racc/cparse'
generating cparse-x64-mingw32.def
compiling ../../../../ruby-2.5.0/ext/racc/cparse/cparse.c
linking shared-object racc/cparse.so
make[2]: Leaving directory '/d/mingw-ri/mingw-w64-ruby/src/build-x86_64-w64-mingw32/ext/racc/cparse'
make[2]: Entering directory '/d/mingw-ri/mingw-w64-ruby/src/build-x86_64-w64-mingw32/ext/rbconfig/sizeof'
generating sizeof-x64-mingw32.def
sizes.c updated
compiling sizes.c
limits.c updated
compiling limits.c
linking shared-object rbconfig/sizeof.so
make[2]: Leaving directory '/d/mingw-ri/mingw-w64-ruby/src/build-x86_64-w64-mingw32/ext/rbconfig/sizeof'
make[2]: Entering directory '/d/mingw-ri/mingw-w64-ruby/src/build-x86_64-w64-mingw32/ext/readline'
generating readline-x64-mingw32.def
compiling ../../../ruby-2.5.0/ext/readline/readline.c
../../../ruby-2.5.0/ext/readline/readline.c: In function 'getc_body':
../../../ruby-2.5.0/ext/readline/readline.c:174:73: warning: passing argument 4 of 'PeekConsoleInputA' from incompatible pointer type [-Wincompatible-pointer-types]
             if (PeekConsoleInput((HANDLE)_get_osfhandle(p->fd), &ir, 1, &n)) {
                                                                         ^
In file included from D:/msys64/mingw64/x86_64-w64-mingw32/include/windows.h:74:0,
                 from D:/msys64/mingw64/x86_64-w64-mingw32/include/winsock2.h:23,
                 from ../../../ruby-2.5.0/include/ruby/win32.h:41,
                 from ../../../ruby-2.5.0/include/ruby/defines.h:243,
                 from ../../../ruby-2.5.0/include/ruby/ruby.h:36,
                 from ../../../ruby-2.5.0/include/ruby/encoding.h:23,
                 from ../../../ruby-2.5.0/include/ruby/io.h:24,
                 from ../../../ruby-2.5.0/ext/readline/readline.c:36:
D:/msys64/mingw64/x86_64-w64-mingw32/include/wincon.h:207:29: note: expected 'LPDWORD {aka long unsigned int *}' but argument is of type 'int *'
   WINBASEAPI WINBOOL WINAPI PeekConsoleInputA(HANDLE hConsoleInput,PINPUT_RECORD lpBuffer,DWORD nLength,LPDWORD lpNumberOfEventsRead);
                             ^~~~~~~~~~~~~~~~~
../../../ruby-2.5.0/ext/readline/readline.c:180:81: warning: passing argument 4 of 'ReadConsoleInputA' from incompatible pointer type [-Wincompatible-pointer-types]
                         ReadConsoleInput((HANDLE)_get_osfhandle(p->fd), &ir, 1, &n);
                                                                                 ^
In file included from D:/msys64/mingw64/x86_64-w64-mingw32/include/windows.h:74:0,
                 from D:/msys64/mingw64/x86_64-w64-mingw32/include/winsock2.h:23,
                 from ../../../ruby-2.5.0/include/ruby/win32.h:41,
                 from ../../../ruby-2.5.0/include/ruby/defines.h:243,
                 from ../../../ruby-2.5.0/include/ruby/ruby.h:36,
                 from ../../../ruby-2.5.0/include/ruby/encoding.h:23,
                 from ../../../ruby-2.5.0/include/ruby/io.h:24,
                 from ../../../ruby-2.5.0/ext/readline/readline.c:36:
D:/msys64/mingw64/x86_64-w64-mingw32/include/wincon.h:209:29: note: expected 'LPDWORD {aka long unsigned int *}' but argument is of type 'int *'
   WINBASEAPI WINBOOL WINAPI ReadConsoleInputA(HANDLE hConsoleInput,PINPUT_RECORD lpBuffer,DWORD nLength,LPDWORD lpNumberOfEventsRead);
                             ^~~~~~~~~~~~~~~~~
../../../ruby-2.5.0/ext/readline/readline.c:184:21: warning: implicit declaration of function 'rb_w32_wait_events' [-Wimplicit-function-declaration]
                     rb_w32_wait_events(&h, 1, INFINITE);
                     ^~~~~~~~~~~~~~~~~~
linking shared-object readline.so
make[2]: Leaving directory '/d/mingw-ri/mingw-w64-ruby/src/build-x86_64-w64-mingw32/ext/readline'
make[2]: Entering directory '/d/mingw-ri/mingw-w64-ruby/src/build-x86_64-w64-mingw32/ext/ripper'
generating ripper-x64-mingw32.def
extracting ripper.y from ../../../ruby-2.5.0/parse.y
compiling compiler ripper.y
generating eventids1.c from ../../../ruby-2.5.0/parse.y
generating eventids2table.c from ../../../ruby-2.5.0/ext/ripper/eventids2.c
compiling ripper.c
linking shared-object ripper.so
installing default ripper libraries
checking ../../../ruby-2.5.0/parse.y and ../../../ruby-2.5.0/ext/ripper/eventids2.c
make[2]: Leaving directory '/d/mingw-ri/mingw-w64-ruby/src/build-x86_64-w64-mingw32/ext/ripper'
make[2]: Entering directory '/d/mingw-ri/mingw-w64-ruby/src/build-x86_64-w64-mingw32/ext/rubyvm'
installing default libraries
make[2]: Leaving directory '/d/mingw-ri/mingw-w64-ruby/src/build-x86_64-w64-mingw32/ext/rubyvm'
make[2]: Entering directory '/d/mingw-ri/mingw-w64-ruby/src/build-x86_64-w64-mingw32/ext/sdbm'
generating sdbm-x64-mingw32.def
compiling ../../../ruby-2.5.0/ext/sdbm/_sdbm.c
compiling ../../../ruby-2.5.0/ext/sdbm/init.c
linking shared-object sdbm.so
make[2]: Leaving directory '/d/mingw-ri/mingw-w64-ruby/src/build-x86_64-w64-mingw32/ext/sdbm'
make[2]: Entering directory '/d/mingw-ri/mingw-w64-ruby/src/build-x86_64-w64-mingw32/ext/socket'
generating socket-x64-mingw32.def
generating constant definitions
compiling ../../../ruby-2.5.0/ext/socket/init.c
compiling ../../../ruby-2.5.0/ext/socket/constants.c
compiling ../../../ruby-2.5.0/ext/socket/basicsocket.c
compiling ../../../ruby-2.5.0/ext/socket/socket.c
compiling ../../../ruby-2.5.0/ext/socket/ipsocket.c
compiling ../../../ruby-2.5.0/ext/socket/tcpsocket.c
compiling ../../../ruby-2.5.0/ext/socket/tcpserver.c
compiling ../../../ruby-2.5.0/ext/socket/sockssocket.c
compiling ../../../ruby-2.5.0/ext/socket/udpsocket.c
compiling ../../../ruby-2.5.0/ext/socket/unixsocket.c
compiling ../../../ruby-2.5.0/ext/socket/unixserver.c
compiling ../../../ruby-2.5.0/ext/socket/option.c
compiling ../../../ruby-2.5.0/ext/socket/ancdata.c
compiling ../../../ruby-2.5.0/ext/socket/raddrinfo.c
compiling ../../../ruby-2.5.0/ext/socket/ifaddr.c
linking shared-object socket.so
installing default socket libraries
make[2]: Leaving directory '/d/mingw-ri/mingw-w64-ruby/src/build-x86_64-w64-mingw32/ext/socket'
make[2]: Entering directory '/d/mingw-ri/mingw-w64-ruby/src/build-x86_64-w64-mingw32/ext/stringio'
generating stringio-x64-mingw32.def
compiling ../../../ruby-2.5.0/ext/stringio/stringio.c
linking shared-object stringio.so
make[2]: Leaving directory '/d/mingw-ri/mingw-w64-ruby/src/build-x86_64-w64-mingw32/ext/stringio'
make[2]: Entering directory '/d/mingw-ri/mingw-w64-ruby/src/build-x86_64-w64-mingw32/ext/strscan'
generating strscan-x64-mingw32.def
compiling ../../../ruby-2.5.0/ext/strscan/strscan.c
linking shared-object strscan.so
make[2]: Leaving directory '/d/mingw-ri/mingw-w64-ruby/src/build-x86_64-w64-mingw32/ext/strscan'
make[2]: Entering directory '/d/mingw-ri/mingw-w64-ruby/src/build-x86_64-w64-mingw32/ext/win32'
installing default libraries
make[2]: Leaving directory '/d/mingw-ri/mingw-w64-ruby/src/build-x86_64-w64-mingw32/ext/win32'
make[2]: Entering directory '/d/mingw-ri/mingw-w64-ruby/src/build-x86_64-w64-mingw32/ext/win32/resolv'
generating resolv-x64-mingw32.def
compiling ../../../../ruby-2.5.0/ext/win32/resolv/resolv.c
linking shared-object win32/resolv.so
make[2]: Leaving directory '/d/mingw-ri/mingw-w64-ruby/src/build-x86_64-w64-mingw32/ext/win32/resolv'
make[2]: Entering directory '/d/mingw-ri/mingw-w64-ruby/src/build-x86_64-w64-mingw32/ext/win32ole'
generating win32ole-x64-mingw32.def
compiling ../../../ruby-2.5.0/ext/win32ole/win32ole.c
compiling ../../../ruby-2.5.0/ext/win32ole/win32ole_error.c
compiling ../../../ruby-2.5.0/ext/win32ole/win32ole_event.c
compiling ../../../ruby-2.5.0/ext/win32ole/win32ole_method.c
compiling ../../../ruby-2.5.0/ext/win32ole/win32ole_param.c
compiling ../../../ruby-2.5.0/ext/win32ole/win32ole_record.c
compiling ../../../ruby-2.5.0/ext/win32ole/win32ole_type.c
compiling ../../../ruby-2.5.0/ext/win32ole/win32ole_typelib.c
compiling ../../../ruby-2.5.0/ext/win32ole/win32ole_variable.c
compiling ../../../ruby-2.5.0/ext/win32ole/win32ole_variant.c
compiling ../../../ruby-2.5.0/ext/win32ole/win32ole_variant_m.c
linking shared-object win32ole.so
installing default win32ole libraries
make[2]: Leaving directory '/d/mingw-ri/mingw-w64-ruby/src/build-x86_64-w64-mingw32/ext/win32ole'
make[2]: Entering directory '/d/mingw-ri/mingw-w64-ruby/src/build-x86_64-w64-mingw32/ext/zlib'
generating zlib-x64-mingw32.def
compiling ../../../ruby-2.5.0/ext/zlib/zlib.c
linking shared-object zlib.so
make[2]: Leaving directory '/d/mingw-ri/mingw-w64-ruby/src/build-x86_64-w64-mingw32/ext/zlib'
make[2]: Entering directory '/d/mingw-ri/mingw-w64-ruby/src/build-x86_64-w64-mingw32'
linking shared-library x64-msvcrt-ruby250.dll
generating ruby.rc
compiling ruby.res.o
linking ruby.exe
rm ruby.rc
make[2]: Leaving directory '/d/mingw-ri/mingw-w64-ruby/src/build-x86_64-w64-mingw32'
make[2]: Entering directory '/d/mingw-ri/mingw-w64-ruby/src/build-x86_64-w64-mingw32'
generating rubyw.rc
compiling rubyw.res.o
linking rubyw.exe
rm rubyw.rc
make[2]: Leaving directory '/d/mingw-ri/mingw-w64-ruby/src/build-x86_64-w64-mingw32'
make[1]: Leaving directory '/d/mingw-ri/mingw-w64-ruby/src/build-x86_64-w64-mingw32'
making enc
make[1]: Entering directory '/d/mingw-ri/mingw-w64-ruby/src/build-x86_64-w64-mingw32'
compiling ../ruby-2.5.0/enc/encdb.c
linking encoding encdb.so
compiling ../ruby-2.5.0/enc/big5.c
linking encoding big5.so
compiling ../ruby-2.5.0/enc/cp949.c
linking encoding cp949.so
compiling ../ruby-2.5.0/enc/emacs_mule.c
linking encoding emacs_mule.so
compiling ../ruby-2.5.0/enc/euc_jp.c
linking encoding euc_jp.so
compiling ../ruby-2.5.0/enc/euc_kr.c
linking encoding euc_kr.so
compiling ../ruby-2.5.0/enc/euc_tw.c
linking encoding euc_tw.so
compiling ../ruby-2.5.0/enc/gb2312.c
linking encoding gb2312.so
compiling ../ruby-2.5.0/enc/gb18030.c
linking encoding gb18030.so
compiling ../ruby-2.5.0/enc/gbk.c
linking encoding gbk.so
compiling ../ruby-2.5.0/enc/iso_8859_1.c
linking encoding iso_8859_1.so
compiling ../ruby-2.5.0/enc/iso_8859_2.c
linking encoding iso_8859_2.so
compiling ../ruby-2.5.0/enc/iso_8859_3.c
linking encoding iso_8859_3.so
compiling ../ruby-2.5.0/enc/iso_8859_4.c
linking encoding iso_8859_4.so
compiling ../ruby-2.5.0/enc/iso_8859_5.c
linking encoding iso_8859_5.so
compiling ../ruby-2.5.0/enc/iso_8859_6.c
linking encoding iso_8859_6.so
compiling ../ruby-2.5.0/enc/iso_8859_7.c
linking encoding iso_8859_7.so
compiling ../ruby-2.5.0/enc/iso_8859_8.c
linking encoding iso_8859_8.so
compiling ../ruby-2.5.0/enc/iso_8859_9.c
linking encoding iso_8859_9.so
compiling ../ruby-2.5.0/enc/iso_8859_10.c
linking encoding iso_8859_10.so
compiling ../ruby-2.5.0/enc/iso_8859_11.c
linking encoding iso_8859_11.so
compiling ../ruby-2.5.0/enc/iso_8859_13.c
linking encoding iso_8859_13.so
compiling ../ruby-2.5.0/enc/iso_8859_14.c
linking encoding iso_8859_14.so
compiling ../ruby-2.5.0/enc/iso_8859_15.c
linking encoding iso_8859_15.so
compiling ../ruby-2.5.0/enc/iso_8859_16.c
linking encoding iso_8859_16.so
compiling ../ruby-2.5.0/enc/koi8_r.c
linking encoding koi8_r.so
compiling ../ruby-2.5.0/enc/koi8_u.c
linking encoding koi8_u.so
compiling ../ruby-2.5.0/enc/shift_jis.c
linking encoding shift_jis.so
compiling ../ruby-2.5.0/enc/utf_16be.c
linking encoding utf_16be.so
compiling ../ruby-2.5.0/enc/utf_16le.c
linking encoding utf_16le.so
compiling ../ruby-2.5.0/enc/utf_32be.c
linking encoding utf_32be.so
compiling ../ruby-2.5.0/enc/utf_32le.c
linking encoding utf_32le.so
compiling ../ruby-2.5.0/enc/windows_31j.c
linking encoding windows_31j.so
compiling ../ruby-2.5.0/enc/windows_1250.c
linking encoding windows_1250.so
compiling ../ruby-2.5.0/enc/windows_1251.c
linking encoding windows_1251.so
compiling ../ruby-2.5.0/enc/windows_1252.c
linking encoding windows_1252.so
compiling ../ruby-2.5.0/enc/windows_1253.c
linking encoding windows_1253.so
compiling ../ruby-2.5.0/enc/windows_1254.c
linking encoding windows_1254.so
compiling ../ruby-2.5.0/enc/windows_1257.c
linking encoding windows_1257.so
make[1]: Leaving directory '/d/mingw-ri/mingw-w64-ruby/src/build-x86_64-w64-mingw32'
making trans
make[1]: Entering directory '/d/mingw-ri/mingw-w64-ruby/src/build-x86_64-w64-mingw32'
compiling ../ruby-2.5.0/enc/trans/transdb.c
linking transcoder transdb.so
compiling ../ruby-2.5.0/enc/trans/big5.c
linking transcoder big5.so
compiling ../ruby-2.5.0/enc/trans/chinese.c
linking transcoder chinese.so
compiling ../ruby-2.5.0/enc/trans/ebcdic.c
linking transcoder ebcdic.so
compiling ../ruby-2.5.0/enc/trans/emoji.c
linking transcoder emoji.so
compiling ../ruby-2.5.0/enc/trans/emoji_iso2022_kddi.c
linking transcoder emoji_iso2022_kddi.so
compiling ../ruby-2.5.0/enc/trans/emoji_sjis_docomo.c
linking transcoder emoji_sjis_docomo.so
compiling ../ruby-2.5.0/enc/trans/emoji_sjis_kddi.c
linking transcoder emoji_sjis_kddi.so
compiling ../ruby-2.5.0/enc/trans/emoji_sjis_softbank.c
linking transcoder emoji_sjis_softbank.so
compiling ../ruby-2.5.0/enc/trans/escape.c
linking transcoder escape.so
compiling ../ruby-2.5.0/enc/trans/gb18030.c
linking transcoder gb18030.so
compiling ../ruby-2.5.0/enc/trans/gbk.c
linking transcoder gbk.so
compiling ../ruby-2.5.0/enc/trans/iso2022.c
linking transcoder iso2022.so
compiling ../ruby-2.5.0/enc/trans/japanese.c
linking transcoder japanese.so
compiling ../ruby-2.5.0/enc/trans/japanese_euc.c
linking transcoder japanese_euc.so
compiling ../ruby-2.5.0/enc/trans/japanese_sjis.c
linking transcoder japanese_sjis.so
compiling ../ruby-2.5.0/enc/trans/korean.c
linking transcoder korean.so
compiling ../ruby-2.5.0/enc/trans/single_byte.c
linking transcoder single_byte.so
compiling ../ruby-2.5.0/enc/trans/utf8_mac.c
linking transcoder utf8_mac.so
compiling ../ruby-2.5.0/enc/trans/utf_16_32.c
linking transcoder utf_16_32.so
make[1]: Leaving directory '/d/mingw-ri/mingw-w64-ruby/src/build-x86_64-w64-mingw32'
making encs
make[1]: Entering directory '/d/mingw-ri/mingw-w64-ruby/src/build-x86_64-w64-mingw32'
make[1]: Nothing to be done for 'encs'.
make[1]: Leaving directory '/d/mingw-ri/mingw-w64-ruby/src/build-x86_64-w64-mingw32'
rm x64-msvcrt-ruby250.rc
