ruby -v: ruby 2.5.0dev (2017-03-04 trunk 57768) [x64-mingw32]

generating x64-mingw32-fake.rb
	CC = x86_64-w64-mingw32-gcc
	LD = ld
	LDSHARED = x86_64-w64-mingw32-gcc -shared 
	CFLAGS = -march=x86-64 -mtune=generic -O2 -pipe -I/mingw64/include/ncurses -ID:/msys64/mingw64/lib/libffi-3.2.1/include 
	XCFLAGS = -D_FORTIFY_SOURCE=2 -fno-strict-overflow -fvisibility=hidden -fexcess-precision=standard -DRUBY_EXPORT
	CPPFLAGS = -D_FORTIFY_SOURCE=2 -D__USE_MINGW_ANSI_STDIO=1 -DFD_SETSIZE=2048 -ID:/msys64/mingw64/lib/libffi-3.2.1/include -I/mingw64/include/ncurses -D_WIN32_WINNT=0x0501 -D__MINGW_USE_VC2005_COMPAT   -I. -I.ext/include/x64-mingw32 -I../ruby-2.5.0/include -I../ruby-2.5.0 -I../ruby-2.5.0/enc/unicode/9.0.0
	DLDFLAGS = -pipe -Wl,--enable-auto-image-base,--enable-auto-import -Wl,--out-implib=libx64-msvcrt-ruby250.dll.a x64-msvcrt-ruby250.def -Wl,--stack,0x00200000,--enable-auto-import -static-libgcc 
	SOLIBS = x64-msvcrt-ruby250.res.o -lgmp -lshell32 -lws2_32 -liphlpapi -limagehlp -lshlwapi  
generating enc.mk
x86_64-w64-mingw32-gcc.exe (Rev1, Built by MSYS2 project) 6.3.0
Copyright (C) 2016 Free Software Foundation, Inc.
This is free software; see the source for copying conditions.  There is NO
warranty; not even for MERCHANTABILITY or FITNESS FOR A PARTICULAR PURPOSE.

making srcs under enc
making enc
make[1]: Entering directory '/d/mingw-ri/mingw-w64-ruby/src/build-x86_64-w64-mingw32'
make[1]: Nothing to be done for 'enc'.
make[1]: Leaving directory '/d/mingw-ri/mingw-w64-ruby/src/build-x86_64-w64-mingw32'
make[1]: Entering directory '/d/mingw-ri/mingw-w64-ruby/src/build-x86_64-w64-mingw32'
make[1]: Nothing to be done for 'srcs'.
make[1]: Leaving directory '/d/mingw-ri/mingw-w64-ruby/src/build-x86_64-w64-mingw32'
generating transdb.h
transdb.h unchanged
generating makefiles ext/configure-ext.mk
making trans
ext/configure-ext.mk updated
make[1]: Entering directory '/d/mingw-ri/mingw-w64-ruby/src/build-x86_64-w64-mingw32'
make[1]: Entering directory '/d/mingw-ri/mingw-w64-ruby/src/build-x86_64-w64-mingw32'
make[1]: Nothing to be done for '../ruby-2.5.0/enc/trans'.
make[1]: Leaving directory '/d/mingw-ri/mingw-w64-ruby/src/build-x86_64-w64-mingw32'
making encs
make[1]: Entering directory '/d/mingw-ri/mingw-w64-ruby/src/build-x86_64-w64-mingw32'
make[1]: Nothing to be done for 'encs'.
make[1]: Leaving directory '/d/mingw-ri/mingw-w64-ruby/src/build-x86_64-w64-mingw32'
make[1]: Leaving directory '/d/mingw-ri/mingw-w64-ruby/src/build-x86_64-w64-mingw32'
generating makefile exts.mk
exts.mk unchanged
make[1]: Entering directory '/d/mingw-ri/mingw-w64-ruby/src/build-x86_64-w64-mingw32'
x64-mingw32-fake.rb updated
make[2]: Entering directory '/d/mingw-ri/mingw-w64-ruby/src/build-x86_64-w64-mingw32/ext/bigdecimal'
make[2]: Leaving directory '/d/mingw-ri/mingw-w64-ruby/src/build-x86_64-w64-mingw32/ext/bigdecimal'
make[2]: Entering directory '/d/mingw-ri/mingw-w64-ruby/src/build-x86_64-w64-mingw32/ext/digest'
make[2]: Leaving directory '/d/mingw-ri/mingw-w64-ruby/src/build-x86_64-w64-mingw32/ext/digest'
make[2]: Entering directory '/d/mingw-ri/mingw-w64-ruby/src/build-x86_64-w64-mingw32/ext/digest/sha2'
make[2]: Leaving directory '/d/mingw-ri/mingw-w64-ruby/src/build-x86_64-w64-mingw32/ext/digest/sha2'
make[2]: Entering directory '/d/mingw-ri/mingw-w64-ruby/src/build-x86_64-w64-mingw32/ext/date'
make[2]: Leaving directory '/d/mingw-ri/mingw-w64-ruby/src/build-x86_64-w64-mingw32/ext/date'
make[2]: Entering directory '/d/mingw-ri/mingw-w64-ruby/src/build-x86_64-w64-mingw32/ext/io/console'
make[2]: Leaving directory '/d/mingw-ri/mingw-w64-ruby/src/build-x86_64-w64-mingw32/ext/io/console'
make[2]: Entering directory '/d/mingw-ri/mingw-w64-ruby/src/build-x86_64-w64-mingw32/ext/json'
make[2]: Entering directory '/d/mingw-ri/mingw-w64-ruby/src/build-x86_64-w64-mingw32/ext/fiddle'
make[2]: Leaving directory '/d/mingw-ri/mingw-w64-ruby/src/build-x86_64-w64-mingw32/ext/fiddle'
make[2]: Leaving directory '/d/mingw-ri/mingw-w64-ruby/src/build-x86_64-w64-mingw32/ext/json'
make[2]: Entering directory '/d/mingw-ri/mingw-w64-ruby/src/build-x86_64-w64-mingw32/ext/pathname'
make[2]: Entering directory '/d/mingw-ri/mingw-w64-ruby/src/build-x86_64-w64-mingw32/ext/nkf'
make[2]: Leaving directory '/d/mingw-ri/mingw-w64-ruby/src/build-x86_64-w64-mingw32/ext/pathname'
make[2]: Leaving directory '/d/mingw-ri/mingw-w64-ruby/src/build-x86_64-w64-mingw32/ext/nkf'
make[2]: Entering directory '/d/mingw-ri/mingw-w64-ruby/src/build-x86_64-w64-mingw32/ext/psych'
make[2]: Leaving directory '/d/mingw-ri/mingw-w64-ruby/src/build-x86_64-w64-mingw32/ext/psych'
make[2]: Entering directory '/d/mingw-ri/mingw-w64-ruby/src/build-x86_64-w64-mingw32/ext/rubyvm'
make[2]: Leaving directory '/d/mingw-ri/mingw-w64-ruby/src/build-x86_64-w64-mingw32/ext/rubyvm'
make[2]: Entering directory '/d/mingw-ri/mingw-w64-ruby/src/build-x86_64-w64-mingw32/ext/ripper'
make[2]: Leaving directory '/d/mingw-ri/mingw-w64-ruby/src/build-x86_64-w64-mingw32/ext/ripper'
make[2]: Entering directory '/d/mingw-ri/mingw-w64-ruby/src/build-x86_64-w64-mingw32/ext/win32'
make[2]: Leaving directory '/d/mingw-ri/mingw-w64-ruby/src/build-x86_64-w64-mingw32/ext/win32'
make[2]: Entering directory '/d/mingw-ri/mingw-w64-ruby/src/build-x86_64-w64-mingw32/ext/openssl'
make[2]: Leaving directory '/d/mingw-ri/mingw-w64-ruby/src/build-x86_64-w64-mingw32/ext/openssl'
make[2]: Entering directory '/d/mingw-ri/mingw-w64-ruby/src/build-x86_64-w64-mingw32/ext/socket'
make[2]: Leaving directory '/d/mingw-ri/mingw-w64-ruby/src/build-x86_64-w64-mingw32/ext/socket'
make[2]: Entering directory '/d/mingw-ri/mingw-w64-ruby/src/build-x86_64-w64-mingw32/ext/win32ole'
make[2]: Leaving directory '/d/mingw-ri/mingw-w64-ruby/src/build-x86_64-w64-mingw32/ext/win32ole'
make[2]: Entering directory '/d/mingw-ri/mingw-w64-ruby/src/build-x86_64-w64-mingw32'
make[2]: 'rubyw.exe' is up to date.
make[2]: Leaving directory '/d/mingw-ri/mingw-w64-ruby/src/build-x86_64-w64-mingw32'
make[2]: Entering directory '/d/mingw-ri/mingw-w64-ruby/src/build-x86_64-w64-mingw32'
make[2]: 'ruby.exe' is up to date.
make[2]: Leaving directory '/d/mingw-ri/mingw-w64-ruby/src/build-x86_64-w64-mingw32'
make[1]: Leaving directory '/d/mingw-ri/mingw-w64-ruby/src/build-x86_64-w64-mingw32'
./miniruby.exe -I../ruby-2.5.0/lib -I. -I.ext/common  ../ruby-2.5.0/tool/runruby.rb --extout=.ext  -- --disable-gems -r./x64-mingw32-fake ../ruby-2.5.0/tool/rbinstall.rb --make="make" --dest-dir="/d/mingw-ri/mingw-w64-ruby/pkg/mingw-w64-x86_64-ruby" --extout=".ext" --mflags="-j3 --jobserver-auth=3,4" --make-flags=" -j3 --jobserver-auth=3,4 -- DESTDIR=/d/mingw-ri/mingw-w64-ruby/pkg/mingw-w64-x86_64-ruby" --data-mode=0644 --prog-mode=0755 --installed-list .installed.list --mantype="doc"
installing binary commands:   /mingw64/bin
installing base libraries:    /mingw64/lib
installing arch files:        /mingw64/lib/ruby/2.5.0/x64-mingw32
installing pkgconfig data:    /mingw64/lib/pkgconfig
installing command scripts:   /mingw64/bin
installing library scripts:   /mingw64/lib/ruby/2.5.0
installing common headers:    /mingw64/include/ruby-2.5.0
installing manpages:          /mingw64/share/man/man1
installing extension objects: /mingw64/lib/ruby/2.5.0/x64-mingw32
installing extension objects: /mingw64/lib/ruby/site_ruby/2.5.0/x64-msvcrt
installing extension objects: /mingw64/lib/ruby/vendor_ruby/2.5.0/x64-msvcrt
installing extension headers: /mingw64/include/ruby-2.5.0/x64-mingw32
installing extension scripts: /mingw64/lib/ruby/2.5.0
installing extension scripts: /mingw64/lib/ruby/site_ruby/2.5.0
installing extension scripts: /mingw64/lib/ruby/vendor_ruby/2.5.0
installing extension headers: /mingw64/include/ruby-2.5.0/ruby
installing default gems:      /mingw64/lib/ruby/gems/2.5.0 (build_info, cache, doc, extensions, gems, specifications)
                              cmath 0.0.1
                              csv 0.0.1
                              fileutils 0.0.1
                              rdoc 5.1.0
                              scanf 0.0.1
                              webrick 0.0.1
installing default gems:      /mingw64/lib/ruby/gems/2.5.0 (build_info, cache, doc, extensions, gems, specifications)
                              bigdecimal 1.3.1
                              date 0.0.1
                              dbm 0.0.1
                              etc 0.0.1
                              fcntl 0.0.1
                              gdbm 0.0.1
                              io-console 0.4.6
                              json 2.0.2
                              openssl 2.0.3
                              psych 2.2.3
                              sdbm 0.0.1
                              strscan 0.0.1
                              zlib 0.0.1
installing bundle gems:       /mingw64/lib/ruby/gems/2.5.0 (build_info, cache, doc, extensions, gems, specifications)
                              did_you_mean 1.1.0
                              minitest 5.10.1
                              net-telnet 0.1.1
                              power_assert 1.0.1
                              rake 12.0.0
                              test-unit 3.2.3
                              xmlrpc 0.2.1
